#
# There is insufficient memory for the Java Runtime Environment to continue.
# Native memory allocation (malloc) failed to allocate 550480 bytes for Chunk::new
# Possible reasons:
#   The system is out of physical RAM or swap space
#   The process is running with CompressedOops enabled, and the Java Heap may be blocking the growth of the native heap
# Possible solutions:
#   Reduce memory load on the system
#   Increase physical memory or swap space
#   Check if swap backing store is full
#   Decrease Java heap size (-Xmx/-Xms)
#   Decrease number of Java threads
#   Decrease Java thread stack sizes (-Xss)
#   Set larger code cache with -XX:ReservedCodeCacheSize=
#   JVM is running with Unscaled Compressed Oops mode in which the Java heap is
#     placed in the first 4GB address space. The Java Heap base address is the
#     maximum limit for the native heap growth. Please use -XX:HeapBaseMinAddress
#     to set the Java Heap base and to place the Java Heap above 4GB virtual address.
# This output file may be truncated or incomplete.
#
#  Out of Memory Error (allocation.cpp:389), pid=7028, tid=0x0000000000000a08
#
# JRE version: OpenJDK Runtime Environment (8.0_242-b01) (build 1.8.0_242-release-1644-b01)
# Java VM: OpenJDK 64-Bit Server VM (25.242-b01 mixed mode windows-amd64 compressed oops)
# Failed to write core dump. Minidumps are not enabled by default on client versions of Windows
#

---------------  T H R E A D  ---------------

Current thread (0x0000000017765800):  JavaThread "C2 CompilerThread0" daemon [_thread_in_native, id=2568, stack(0x0000000018dc0000,0x0000000018ec0000)]

Stack: [0x0000000018dc0000,0x0000000018ec0000]
[error occurred during error reporting (printing stack bounds), id 0xc0000005]

Native frames: (J=compiled Java code, j=interpreted, Vv=VM code, C=native code)


Current CompileTask:
C2:  71570 5644       4       org.gradle.internal.reflect.ClassInspector::inspectClass (179 bytes)


---------------  P R O C E S S  ---------------

Java Threads: ( => current thread )
  0x000000001c80b800 JavaThread "Cache worker for file content cache (G:\Magang\Projectjss2\.gradle\6.5\fileContent)" [_thread_blocked, id=4444, stack(0x0000000000e80000,0x0000000000f80000)]
  0x000000001c80a800 JavaThread "Memory manager" [_thread_blocked, id=5948, stack(0x0000000000d80000,0x0000000000e80000)]
  0x000000001c80d000 JavaThread "Cache worker for Build Output Cleanup Cache (G:\Magang\Projectjss2\.gradle\buildOutputCleanup)" [_thread_blocked, id=11436, stack(0x0000000027540000,0x0000000027640000)]
  0x000000001c80a000 JavaThread "jar transforms Thread 94" [_thread_blocked, id=7996, stack(0x0000000027240000,0x0000000027340000)]
  0x000000001c809000 JavaThread "jar transforms Thread 93" [_thread_blocked, id=2956, stack(0x0000000027140000,0x0000000027240000)]
  0x000000001c808800 JavaThread "jar transforms Thread 92" [_thread_blocked, id=13072, stack(0x0000000027040000,0x0000000027140000)]
  0x000000001c807800 JavaThread "jar transforms Thread 91" [_thread_blocked, id=12716, stack(0x0000000026f40000,0x0000000027040000)]
  0x000000001c807000 JavaThread "jar transforms Thread 90" [_thread_blocked, id=11848, stack(0x0000000026e40000,0x0000000026f40000)]
  0x000000001c801000 JavaThread "jar transforms Thread 89" [_thread_blocked, id=9672, stack(0x0000000026d40000,0x0000000026e40000)]
  0x000000001c800000 JavaThread "jar transforms Thread 88" [_thread_blocked, id=10140, stack(0x0000000026c40000,0x0000000026d40000)]
  0x000000001c7ff800 JavaThread "jar transforms Thread 87" [_thread_blocked, id=10964, stack(0x0000000026b40000,0x0000000026c40000)]
  0x000000001c805800 JavaThread "jar transforms Thread 86" [_thread_blocked, id=9000, stack(0x0000000026a40000,0x0000000026b40000)]
  0x000000001c803000 JavaThread "jar transforms Thread 85" [_thread_blocked, id=7692, stack(0x0000000026940000,0x0000000026a40000)]
  0x000000001c802800 JavaThread "jar transforms Thread 84" [_thread_blocked, id=11420, stack(0x0000000026840000,0x0000000026940000)]
  0x000000001c806000 JavaThread "jar transforms Thread 83" [_thread_blocked, id=11780, stack(0x0000000026740000,0x0000000026840000)]
  0x000000001c804800 JavaThread "jar transforms Thread 82" [_thread_blocked, id=13208, stack(0x0000000026640000,0x0000000026740000)]
  0x000000001c801800 JavaThread "jar transforms Thread 81" [_thread_blocked, id=9036, stack(0x0000000026540000,0x0000000026640000)]
  0x00000000190e8800 JavaThread "jar transforms Thread 80" [_thread_blocked, id=2988, stack(0x0000000026440000,0x0000000026540000)]
  0x00000000190e7800 JavaThread "jar transforms Thread 79" [_thread_blocked, id=11752, stack(0x0000000026340000,0x0000000026440000)]
  0x00000000190e0000 JavaThread "jar transforms Thread 78" [_thread_blocked, id=5988, stack(0x0000000026240000,0x0000000026340000)]
  0x00000000190e7000 JavaThread "jar transforms Thread 77" [_thread_blocked, id=2244, stack(0x0000000026140000,0x0000000026240000)]
  0x00000000190e6000 JavaThread "jar transforms Thread 76" [_thread_blocked, id=12756, stack(0x0000000026040000,0x0000000026140000)]
  0x00000000190e4800 JavaThread "jar transforms Thread 75" [_thread_blocked, id=7588, stack(0x0000000025f40000,0x0000000026040000)]
  0x00000000190e4000 JavaThread "jar transforms Thread 74" [_thread_blocked, id=1536, stack(0x0000000025e40000,0x0000000025f40000)]
  0x00000000190e3000 JavaThread "jar transforms Thread 73" [_thread_blocked, id=12024, stack(0x0000000025d40000,0x0000000025e40000)]
  0x00000000190e2800 JavaThread "jar transforms Thread 72" [_thread_blocked, id=3128, stack(0x0000000025c40000,0x0000000025d40000)]
  0x00000000190e0800 JavaThread "jar transforms Thread 71" [_thread_blocked, id=8164, stack(0x0000000025b40000,0x0000000025c40000)]
  0x00000000190e1800 JavaThread "jar transforms Thread 70" [_thread_blocked, id=12832, stack(0x0000000025a40000,0x0000000025b40000)]
  0x00000000190e5800 JavaThread "jar transforms Thread 69" [_thread_blocked, id=12788, stack(0x0000000025940000,0x0000000025a40000)]
  0x00000000190d9000 JavaThread "jar transforms Thread 68" [_thread_blocked, id=12500, stack(0x0000000025840000,0x0000000025940000)]
  0x00000000190df000 JavaThread "jar transforms Thread 67" [_thread_blocked, id=10556, stack(0x0000000025740000,0x0000000025840000)]
  0x00000000190de800 JavaThread "jar transforms Thread 66" [_thread_blocked, id=6500, stack(0x0000000025640000,0x0000000025740000)]
  0x00000000190dd800 JavaThread "jar transforms Thread 65" [_thread_blocked, id=11204, stack(0x0000000025540000,0x0000000025640000)]
  0x00000000190dd000 JavaThread "jar transforms Thread 64" [_thread_blocked, id=3068, stack(0x0000000025440000,0x0000000025540000)]
  0x00000000190dc000 JavaThread "jar transforms Thread 63" [_thread_blocked, id=7416, stack(0x0000000025340000,0x0000000025440000)]
  0x00000000190db800 JavaThread "jar transforms Thread 62" [_thread_blocked, id=6896, stack(0x0000000025240000,0x0000000025340000)]
  0x00000000190da000 JavaThread "jar transforms Thread 61" [_thread_blocked, id=4312, stack(0x0000000025140000,0x0000000025240000)]
  0x00000000190da800 JavaThread "jar transforms Thread 60" [_thread_blocked, id=12996, stack(0x0000000025040000,0x0000000025140000)]
  0x000000001cd5a800 JavaThread "jar transforms Thread 59" [_thread_blocked, id=2136, stack(0x0000000024f40000,0x0000000025040000)]
  0x000000001cd59000 JavaThread "jar transforms Thread 58" [_thread_blocked, id=1724, stack(0x0000000024e40000,0x0000000024f40000)]
  0x000000001cd57800 JavaThread "jar transforms Thread 57" [_thread_blocked, id=12744, stack(0x0000000024d40000,0x0000000024e40000)]
  0x000000001cd58800 JavaThread "jar transforms Thread 56" [_thread_blocked, id=10416, stack(0x0000000024c40000,0x0000000024d40000)]
  0x000000001cd57000 JavaThread "jar transforms Thread 55" [_thread_blocked, id=11084, stack(0x0000000024b40000,0x0000000024c40000)]
  0x000000001cd56000 JavaThread "jar transforms Thread 54" [_thread_blocked, id=1412, stack(0x0000000024a40000,0x0000000024b40000)]
  0x000000001cd55800 JavaThread "jar transforms Thread 53" [_thread_blocked, id=7020, stack(0x0000000024940000,0x0000000024a40000)]
  0x000000001cd54800 JavaThread "jar transforms Thread 52" [_thread_blocked, id=12168, stack(0x0000000024840000,0x0000000024940000)]
  0x000000001cd5a000 JavaThread "jar transforms Thread 51" [_thread_blocked, id=10220, stack(0x0000000024740000,0x0000000024840000)]
  0x000000001cd5b800 JavaThread "jar transforms Thread 50" [_thread_blocked, id=11344, stack(0x0000000024640000,0x0000000024740000)]
  0x000000001cd4d000 JavaThread "jar transforms Thread 49" [_thread_blocked, id=5276, stack(0x0000000024540000,0x0000000024640000)]
  0x000000001cd54000 JavaThread "jar transforms Thread 48" [_thread_blocked, id=5924, stack(0x0000000024440000,0x0000000024540000)]
  0x000000001cd4e800 JavaThread "jar transforms Thread 47" [_thread_blocked, id=1672, stack(0x0000000024340000,0x0000000024440000)]
  0x000000001cd51800 JavaThread "jar transforms Thread 46" [_thread_blocked, id=10044, stack(0x0000000024240000,0x0000000024340000)]
  0x000000001cd53000 JavaThread "jar transforms Thread 45" [_thread_blocked, id=13004, stack(0x0000000024140000,0x0000000024240000)]
  0x000000001cd4c800 JavaThread "jar transforms Thread 44" [_thread_blocked, id=10948, stack(0x0000000024040000,0x0000000024140000)]
  0x000000001cd4e000 JavaThread "jar transforms Thread 43" [_thread_blocked, id=12568, stack(0x0000000023f40000,0x0000000024040000)]
  0x000000001cd52800 JavaThread "jar transforms Thread 42" [_thread_blocked, id=5228, stack(0x0000000023e40000,0x0000000023f40000)]
  0x000000001cd50000 JavaThread "jar transforms Thread 41" [_thread_blocked, id=4368, stack(0x0000000023d40000,0x0000000023e40000)]
  0x000000001cd4f800 JavaThread "jar transforms Thread 40" [_thread_blocked, id=11820, stack(0x0000000023c40000,0x0000000023d40000)]
  0x000000001cd51000 JavaThread "jar transforms Thread 39" [_thread_blocked, id=7824, stack(0x0000000023b40000,0x0000000023c40000)]
  0x000000001c90a000 JavaThread "jar transforms Thread 38" [_thread_blocked, id=8844, stack(0x0000000023a40000,0x0000000023b40000)]
  0x000000001c909000 JavaThread "jar transforms Thread 37" [_thread_blocked, id=11764, stack(0x0000000023940000,0x0000000023a40000)]
  0x000000001c90b800 JavaThread "jar transforms Thread 36" [_thread_blocked, id=11272, stack(0x0000000023840000,0x0000000023940000)]
  0x000000001c910000 JavaThread "jar transforms Thread 35" [_thread_blocked, id=13064, stack(0x0000000023740000,0x0000000023840000)]
  0x000000001c90d000 JavaThread "jar transforms Thread 34" [_thread_blocked, id=12320, stack(0x0000000023640000,0x0000000023740000)]
  0x000000001c90f000 JavaThread "jar transforms Thread 33" [_thread_blocked, id=10760, stack(0x0000000023540000,0x0000000023640000)]
  0x000000001c90e800 JavaThread "jar transforms Thread 32" [_thread_blocked, id=12196, stack(0x0000000023440000,0x0000000023540000)]
  0x000000001c90d800 JavaThread "jar transforms Thread 31" [_thread_blocked, id=9760, stack(0x0000000023340000,0x0000000023440000)]
  0x000000001c90a800 JavaThread "jar transforms Thread 30" [_thread_blocked, id=3492, stack(0x0000000023240000,0x0000000023340000)]
  0x000000001c90c000 JavaThread "jar transforms Thread 29" [_thread_blocked, id=2276, stack(0x0000000023140000,0x0000000023240000)]
  0x000000001910c800 JavaThread "jar transforms Thread 28" [_thread_blocked, id=8956, stack(0x0000000023040000,0x0000000023140000)]
  0x000000001910b800 JavaThread "jar transforms Thread 27" [_thread_blocked, id=3016, stack(0x0000000022f40000,0x0000000023040000)]
  0x000000001910a000 JavaThread "jar transforms Thread 26" [_thread_blocked, id=12960, stack(0x0000000022e40000,0x0000000022f40000)]
  0x000000001910b000 JavaThread "jar transforms Thread 25" [_thread_blocked, id=9988, stack(0x0000000022d40000,0x0000000022e40000)]
  0x0000000019109800 JavaThread "jar transforms Thread 24" [_thread_blocked, id=3496, stack(0x0000000022c40000,0x0000000022d40000)]
  0x0000000019102000 JavaThread "jar transforms Thread 23" [_thread_blocked, id=12576, stack(0x0000000022b40000,0x0000000022c40000)]
  0x0000000019108800 JavaThread "jar transforms Thread 22" [_thread_blocked, id=9088, stack(0x0000000022a40000,0x0000000022b40000)]
  0x0000000019107000 JavaThread "jar transforms Thread 21" [_thread_blocked, id=9168, stack(0x0000000022940000,0x0000000022a40000)]
  0x0000000019105000 JavaThread "jar transforms Thread 20" [_thread_blocked, id=11684, stack(0x0000000022840000,0x0000000022940000)]
  0x0000000019101000 JavaThread "jar transforms Thread 19" [_thread_blocked, id=4044, stack(0x0000000022740000,0x0000000022840000)]
  0x0000000019103800 JavaThread "jar transforms Thread 18" [_thread_blocked, id=5128, stack(0x0000000022640000,0x0000000022740000)]
  0x0000000019105800 JavaThread "jar transforms Thread 17" [_thread_blocked, id=1424, stack(0x0000000022540000,0x0000000022640000)]
  0x0000000019106800 JavaThread "jar transforms Thread 16" [_thread_blocked, id=5220, stack(0x0000000022440000,0x0000000022540000)]
  0x0000000019108000 JavaThread "jar transforms Thread 15" [_thread_blocked, id=4228, stack(0x0000000022340000,0x0000000022440000)]
  0x0000000019102800 JavaThread "jar transforms Thread 14" [_thread_blocked, id=6364, stack(0x0000000022240000,0x0000000022340000)]
  0x00000000190fd800 JavaThread "jar transforms Thread 13" [_thread_blocked, id=7456, stack(0x0000000022140000,0x0000000022240000)]
  0x0000000019100800 JavaThread "jar transforms Thread 12" [_thread_blocked, id=7600, stack(0x0000000022040000,0x0000000022140000)]
  0x00000000190fe000 JavaThread "jar transforms Thread 11" [_thread_blocked, id=11480, stack(0x0000000021f40000,0x0000000022040000)]
  0x00000000190ff000 JavaThread "jar transforms Thread 10" [_thread_blocked, id=12356, stack(0x0000000021d40000,0x0000000021e40000)]
  0x00000000190ff800 JavaThread "jar transforms Thread 9" [_thread_blocked, id=9796, stack(0x0000000021c40000,0x0000000021d40000)]
  0x0000000019104000 JavaThread "jar transforms Thread 8" [_thread_blocked, id=5464, stack(0x0000000021b40000,0x0000000021c40000)]
  0x000000001b0cd800 JavaThread "jar transforms Thread 7" [_thread_blocked, id=12044, stack(0x0000000021a40000,0x0000000021b40000)]
  0x000000001b0cc800 JavaThread "jar transforms Thread 6" [_thread_blocked, id=13052, stack(0x0000000021940000,0x0000000021a40000)]
  0x000000001b0cb000 JavaThread "jar transforms Thread 5" [_thread_blocked, id=4184, stack(0x0000000021840000,0x0000000021940000)]
  0x000000001b0ca800 JavaThread "jar transforms Thread 4" [_thread_blocked, id=6644, stack(0x0000000021740000,0x0000000021840000)]
  0x000000001b0c9000 JavaThread "jar transforms Thread 3" [_thread_blocked, id=2504, stack(0x0000000021640000,0x0000000021740000)]
  0x000000001b0ce000 JavaThread "jar transforms Thread 2" [_thread_blocked, id=11732, stack(0x0000000021540000,0x0000000021640000)]
  0x000000001b0cc000 JavaThread "Build operations Thread 4" [_thread_blocked, id=3080, stack(0x0000000021440000,0x0000000021540000)]
  0x000000001b0c9800 JavaThread "Build operations Thread 3" [_thread_blocked, id=9976, stack(0x0000000021340000,0x0000000021440000)]
  0x000000001b0c8000 JavaThread "Build operations Thread 2" [_thread_blocked, id=9960, stack(0x0000000021240000,0x0000000021340000)]
  0x000000001b0c7800 JavaThread "Build operations" [_thread_blocked, id=11004, stack(0x000000001ff20000,0x0000000020020000)]
  0x000000001b0c6000 JavaThread "Cache worker for file content cache (C:\Users\iqbal\.gradle\caches\6.5\fileContent)" [_thread_blocked, id=8064, stack(0x000000001fa20000,0x000000001fb20000)]
  0x000000001b0c3800 JavaThread "jar transforms" [_thread_blocked, id=11056, stack(0x000000001f920000,0x000000001fa20000)]
  0x000000001b0c1800 JavaThread "Cache worker for execution history cache (C:\Users\iqbal\.gradle\caches\6.5\executionHistory)" [_thread_blocked, id=10776, stack(0x000000001f220000,0x000000001f320000)]
  0x000000001b0c0800 JavaThread "Cache worker for cache directory md-rule (C:\Users\iqbal\.gradle\caches\6.5\md-rule)" [_thread_blocked, id=12976, stack(0x000000001f120000,0x000000001f220000)]
  0x000000001b0c3000 JavaThread "Cache worker for cache directory md-supplier (C:\Users\iqbal\.gradle\caches\6.5\md-supplier)" [_thread_blocked, id=10644, stack(0x000000001f020000,0x000000001f120000)]
  0x000000001b0c5000 JavaThread "Cache worker for checksums cache (G:\Magang\Projectjss2\.gradle\checksums)" [_thread_blocked, id=10352, stack(0x000000001ef20000,0x000000001f020000)]
  0x000000001b0bf000 JavaThread "Cache worker for file hash cache (G:\Magang\Projectjss2\.gradle\6.5\fileHashes)" [_thread_blocked, id=3744, stack(0x000000001ec20000,0x000000001ed20000)]
  0x000000001a9f2000 JavaThread "Cache worker for file hash cache (C:\Users\iqbal\.gradle\caches\6.5\fileHashes)" [_thread_blocked, id=6800, stack(0x000000001d750000,0x000000001d850000)]
  0x000000001a9f5000 JavaThread "File lock request listener" [_thread_in_native, id=12724, stack(0x000000001c680000,0x000000001c780000)]
  0x000000001a9f4000 JavaThread "Cache worker for journal cache (C:\Users\iqbal\.gradle\caches\journal-1)" [_thread_blocked, id=10036, stack(0x000000001c580000,0x000000001c680000)]
  0x000000001a9f3800 JavaThread "Thread-9" [_thread_blocked, id=12416, stack(0x000000001c280000,0x000000001c380000)]
  0x000000001a9f5800 JavaThread "Stdin handler" [_thread_blocked, id=12472, stack(0x000000001c180000,0x000000001c280000)]
  0x000000001a9f1000 JavaThread "Asynchronous log dispatcher for DefaultDaemonConnection: socket connection from /127.0.0.1:55408 to /127.0.0.1:55409" [_thread_blocked, id=12708, stack(0x000000001c080000,0x000000001c180000)]
  0x000000001a9ef800 JavaThread "Daemon worker" [_thread_in_Java, id=3652, stack(0x000000001bf80000,0x000000001c080000)]
  0x000000001a9f6800 JavaThread "Cancel handler" [_thread_blocked, id=12656, stack(0x000000001be80000,0x000000001bf80000)]
  0x000000001a9f2800 JavaThread "Handler for socket connection from /127.0.0.1:55408 to /127.0.0.1:55409" [_thread_in_native, id=6448, stack(0x000000001bd80000,0x000000001be80000)]
  0x000000001a9f0800 JavaThread "Daemon" [_thread_blocked, id=7484, stack(0x000000001bc80000,0x000000001bd80000)]
  0x000000001a9c8800 JavaThread "Daemon periodic checks" [_thread_blocked, id=32, stack(0x000000001b980000,0x000000001ba80000)]
  0x0000000019ebb000 JavaThread "Incoming local TCP Connector on port 55408" [_thread_in_native, id=13036, stack(0x000000001b740000,0x000000001b840000)]
  0x000000001a908000 JavaThread "Daemon health stats" [_thread_blocked, id=9340, stack(0x000000001b100000,0x000000001b200000)]
  0x00000000177bc800 JavaThread "Service Thread" daemon [_thread_blocked, id=9608, stack(0x00000000194c0000,0x00000000195c0000)]
  0x0000000018fc8800 JavaThread "C1 CompilerThread2" daemon [_thread_blocked, id=12276, stack(0x00000000193c0000,0x00000000194c0000)]
  0x0000000017769000 JavaThread "C2 CompilerThread1" daemon [_thread_blocked, id=6336, stack(0x0000000018ec0000,0x0000000018fc0000)]
=>0x0000000017765800 JavaThread "C2 CompilerThread0" daemon [_thread_in_native, id=2568, stack(0x0000000018dc0000,0x0000000018ec0000)]
  0x0000000017764800 JavaThread "Attach Listener" daemon [_thread_blocked, id=2396, stack(0x0000000018cc0000,0x0000000018dc0000)]
  0x0000000017761000 JavaThread "Signal Dispatcher" daemon [_thread_blocked, id=9412, stack(0x0000000018bc0000,0x0000000018cc0000)]
  0x0000000002b3b000 JavaThread "Finalizer" daemon [_thread_blocked, id=11700, stack(0x00000000189c0000,0x0000000018ac0000)]
  0x0000000017749000 JavaThread "Reference Handler" daemon [_thread_blocked, id=13180, stack(0x00000000188c0000,0x00000000189c0000)]
  0x0000000000c7e000 JavaThread "main" [_thread_blocked, id=12336, stack(0x00000000028e0000,0x00000000029e0000)]

Other Threads:
  0x0000000017726800 VMThread [stack: 0x00000000187c0000,0x00000000188c0000] [id=13212]
  0x00000000177be000 WatcherThread [stack: 0x00000000195c0000,0x00000000196c0000] [id=10272]

VM state:not at safepoint (normal execution)

VM Mutex/Monitor currently owned by a thread: None

heap address: 0x0000000080000000, size: 2048 MB, Compressed Oops mode: 32-bit
Narrow klass base: 0x0000000000000000, Narrow klass shift: 3
Compressed class space size: 1073741824 Address: 0x0000000100000000

Heap:
 PSYoungGen      total 214016K, used 48542K [0x00000000d5580000, 0x00000000e8e80000, 0x0000000100000000)
  eden space 196608K, 24% used [0x00000000d5580000,0x00000000d84e7878,0x00000000e1580000)
  from space 17408K, 0% used [0x00000000e1580000,0x00000000e1580000,0x00000000e2680000)
  to   space 16896K, 0% used [0x00000000e7e00000,0x00000000e7e00000,0x00000000e8e80000)
 ParOldGen       total 99328K, used 36074K [0x0000000080000000, 0x0000000086100000, 0x00000000d5580000)
  object space 99328K, 36% used [0x0000000080000000,0x000000008233ab30,0x0000000086100000)
 Metaspace       used 60360K, capacity 62750K, committed 62872K, reserved 1103872K
  class space    used 8341K, capacity 8855K, committed 8880K, reserved 1048576K

Card table byte_map: [0x0000000011f00000,0x0000000012310000] byte_map_base: 0x0000000011b00000

Marking Bits: (ParMarkBitMap*) 0x0000000062d8f030
 Begin Bits: [0x00000000129c0000, 0x00000000149c0000)
 End Bits:   [0x00000000149c0000, 0x00000000169c0000)

Polling page: 0x00000000007e0000

CodeCache: size=245760Kb used=17575Kb max_used=17767Kb free=228184Kb
 bounds [0x0000000002b40000, 0x0000000003cc0000, 0x0000000011b40000]
 total_blobs=5869 nmethods=5093 adapters=690
 compilation: enabled

Compilation events (10 events):
Event: 71.560 Thread 0x0000000018fc8800 nmethod 5690 0x0000000003679750 code [0x00000000036798c0, 0x0000000003679b08]
Event: 71.561 Thread 0x0000000018fc8800 5691       3       org.gradle.api.internal.collections.DefaultCollectionEventRegister::registerLazyAddDecoratedAction (14 bytes)
Event: 71.561 Thread 0x0000000018fc8800 nmethod 5691 0x0000000003855710 code [0x0000000003855880, 0x0000000003855ac8]
Event: 71.562 Thread 0x0000000018fc8800 5692       3       org.gradle.internal.typeconversion.TypeInfo::<init> (34 bytes)
Event: 71.563 Thread 0x0000000018fc8800 nmethod 5692 0x0000000003855290 code [0x0000000003855400, 0x0000000003855630]
Event: 71.563 Thread 0x0000000018fc8800 5693       3       org.gradle.internal.typeconversion.NotationParserBuilder::<init> (31 bytes)
Event: 71.563 Thread 0x0000000018fc8800 nmethod 5693 0x0000000003854a50 code [0x0000000003854be0, 0x0000000003855010]
Event: 71.563 Thread 0x0000000018fc8800 5694       3       org.gradle.internal.typeconversion.NotationParserBuilder::toType (18 bytes)
Event: 71.565 Thread 0x0000000018fc8800 nmethod 5694 0x000000000352e4d0 code [0x000000000352e680, 0x000000000352ecf0]
Event: 71.565 Thread 0x0000000018fc8800 5695       3       org.gradle.internal.typeconversion.NotationParserBuilder::toComposite (9 bytes)

GC Heap History (10 events):
Event: 38.582 GC heap before
{Heap before GC invocations=12 (full 2):
 PSYoungGen      total 147456K, used 4497K [0x00000000d5580000, 0x00000000e1180000, 0x0000000100000000)
  eden space 136192K, 0% used [0x00000000d5580000,0x00000000d5580000,0x00000000dda80000)
  from space 11264K, 39% used [0x00000000de580000,0x00000000de9e4490,0x00000000df080000)
  to   space 11264K, 0% used [0x00000000dda80000,0x00000000dda80000,0x00000000de580000)
 ParOldGen       total 49152K, used 13634K [0x0000000080000000, 0x0000000083000000, 0x00000000d5580000)
  object space 49152K, 27% used [0x0000000080000000,0x0000000080d50828,0x0000000083000000)
 Metaspace       used 34267K, capacity 35412K, committed 35496K, reserved 1079296K
  class space    used 4712K, capacity 5001K, committed 5040K, reserved 1048576K
Event: 38.748 GC heap after
Heap after GC invocations=12 (full 2):
 PSYoungGen      total 147456K, used 0K [0x00000000d5580000, 0x00000000e1180000, 0x0000000100000000)
  eden space 136192K, 0% used [0x00000000d5580000,0x00000000d5580000,0x00000000dda80000)
  from space 11264K, 0% used [0x00000000de580000,0x00000000de580000,0x00000000df080000)
  to   space 11264K, 0% used [0x00000000dda80000,0x00000000dda80000,0x00000000de580000)
 ParOldGen       total 61440K, used 13667K [0x0000000080000000, 0x0000000083c00000, 0x00000000d5580000)
  object space 61440K, 22% used [0x0000000080000000,0x0000000080d58ea0,0x0000000083c00000)
 Metaspace       used 34267K, capacity 35412K, committed 35496K, reserved 1079296K
  class space    used 4712K, capacity 5001K, committed 5040K, reserved 1048576K
}
Event: 46.195 GC heap before
{Heap before GC invocations=13 (full 2):
 PSYoungGen      total 147456K, used 136192K [0x00000000d5580000, 0x00000000e1180000, 0x0000000100000000)
  eden space 136192K, 100% used [0x00000000d5580000,0x00000000dda80000,0x00000000dda80000)
  from space 11264K, 0% used [0x00000000de580000,0x00000000de580000,0x00000000df080000)
  to   space 11264K, 0% used [0x00000000dda80000,0x00000000dda80000,0x00000000de580000)
 ParOldGen       total 61440K, used 13667K [0x0000000080000000, 0x0000000083c00000, 0x00000000d5580000)
  object space 61440K, 22% used [0x0000000080000000,0x0000000080d58ea0,0x0000000083c00000)
 Metaspace       used 39991K, capacity 41716K, committed 41768K, reserved 1085440K
  class space    used 5500K, capacity 5897K, committed 5936K, reserved 1048576K
Event: 46.231 GC heap after
Heap after GC invocations=13 (full 2):
 PSYoungGen      total 147456K, used 10478K [0x00000000d5580000, 0x00000000e3280000, 0x0000000100000000)
  eden space 136192K, 0% used [0x00000000d5580000,0x00000000d5580000,0x00000000dda80000)
  from space 11264K, 93% used [0x00000000dda80000,0x00000000de4bb930,0x00000000de580000)
  to   space 12288K, 0% used [0x00000000e2680000,0x00000000e2680000,0x00000000e3280000)
 ParOldGen       total 61440K, used 13675K [0x0000000080000000, 0x0000000083c00000, 0x00000000d5580000)
  object space 61440K, 22% used [0x0000000080000000,0x0000000080d5aea0,0x0000000083c00000)
 Metaspace       used 39991K, capacity 41716K, committed 41768K, reserved 1085440K
  class space    used 5500K, capacity 5897K, committed 5936K, reserved 1048576K
}
Event: 56.004 GC heap before
{Heap before GC invocations=14 (full 2):
 PSYoungGen      total 147456K, used 146670K [0x00000000d5580000, 0x00000000e3280000, 0x0000000100000000)
  eden space 136192K, 100% used [0x00000000d5580000,0x00000000dda80000,0x00000000dda80000)
  from space 11264K, 93% used [0x00000000dda80000,0x00000000de4bb930,0x00000000de580000)
  to   space 12288K, 0% used [0x00000000e2680000,0x00000000e2680000,0x00000000e3280000)
 ParOldGen       total 61440K, used 13675K [0x0000000080000000, 0x0000000083c00000, 0x00000000d5580000)
  object space 61440K, 22% used [0x0000000080000000,0x0000000080d5aea0,0x0000000083c00000)
 Metaspace       used 51103K, capacity 53154K, committed 53416K, reserved 1095680K
  class space    used 6824K, capacity 7237K, committed 7344K, reserved 1048576K
Event: 56.349 GC heap after
Heap after GC invocations=14 (full 2):
 PSYoungGen      total 208896K, used 12282K [0x00000000d5580000, 0x00000000e3c00000, 0x0000000100000000)
  eden space 196608K, 0% used [0x00000000d5580000,0x00000000d5580000,0x00000000e1580000)
  from space 12288K, 99% used [0x00000000e2680000,0x00000000e327ea58,0x00000000e3280000)
  to   space 17408K, 0% used [0x00000000e1580000,0x00000000e1580000,0x00000000e2680000)
 ParOldGen       total 61440K, used 23070K [0x0000000080000000, 0x0000000083c00000, 0x00000000d5580000)
  object space 61440K, 37% used [0x0000000080000000,0x00000000816878a8,0x0000000083c00000)
 Metaspace       used 51103K, capacity 53154K, committed 53416K, reserved 1095680K
  class space    used 6824K, capacity 7237K, committed 7344K, reserved 1048576K
}
Event: 65.752 GC heap before
{Heap before GC invocations=15 (full 2):
 PSYoungGen      total 208896K, used 95736K [0x00000000d5580000, 0x00000000e3c00000, 0x0000000100000000)
  eden space 196608K, 42% used [0x00000000d5580000,0x00000000da6ff810,0x00000000e1580000)
  from space 12288K, 99% used [0x00000000e2680000,0x00000000e327ea58,0x00000000e3280000)
  to   space 17408K, 0% used [0x00000000e1580000,0x00000000e1580000,0x00000000e2680000)
 ParOldGen       total 61440K, used 23070K [0x0000000080000000, 0x0000000083c00000, 0x00000000d5580000)
  object space 61440K, 37% used [0x0000000080000000,0x00000000816878a8,0x0000000083c00000)
 Metaspace       used 56872K, capacity 59128K, committed 59160K, reserved 1099776K
  class space    used 7768K, capacity 8214K, committed 8240K, reserved 1048576K
Event: 65.870 GC heap after
Heap after GC invocations=15 (full 2):
 PSYoungGen      total 214016K, used 9411K [0x00000000d5580000, 0x00000000e8e80000, 0x0000000100000000)
  eden space 196608K, 0% used [0x00000000d5580000,0x00000000d5580000,0x00000000e1580000)
  from space 17408K, 54% used [0x00000000e1580000,0x00000000e1eb0ee8,0x00000000e2680000)
  to   space 16896K, 0% used [0x00000000e7e00000,0x00000000e7e00000,0x00000000e8e80000)
 ParOldGen       total 61440K, used 32423K [0x0000000080000000, 0x0000000083c00000, 0x00000000d5580000)
  object space 61440K, 52% used [0x0000000080000000,0x0000000081fa9e60,0x0000000083c00000)
 Metaspace       used 56872K, capacity 59128K, committed 59160K, reserved 1099776K
  class space    used 7768K, capacity 8214K, committed 8240K, reserved 1048576K
}
Event: 65.870 GC heap before
{Heap before GC invocations=16 (full 3):
 PSYoungGen      total 214016K, used 9411K [0x00000000d5580000, 0x00000000e8e80000, 0x0000000100000000)
  eden space 196608K, 0% used [0x00000000d5580000,0x00000000d5580000,0x00000000e1580000)
  from space 17408K, 54% used [0x00000000e1580000,0x00000000e1eb0ee8,0x00000000e2680000)
  to   space 16896K, 0% used [0x00000000e7e00000,0x00000000e7e00000,0x00000000e8e80000)
 ParOldGen       total 61440K, used 32423K [0x0000000080000000, 0x0000000083c00000, 0x00000000d5580000)
  object space 61440K, 52% used [0x0000000080000000,0x0000000081fa9e60,0x0000000083c00000)
 Metaspace       used 56872K, capacity 59128K, committed 59160K, reserved 1099776K
  class space    used 7768K, capacity 8214K, committed 8240K, reserved 1048576K
Event: 67.024 GC heap after
Heap after GC invocations=16 (full 3):
 PSYoungGen      total 214016K, used 0K [0x00000000d5580000, 0x00000000e8e80000, 0x0000000100000000)
  eden space 196608K, 0% used [0x00000000d5580000,0x00000000d5580000,0x00000000e1580000)
  from space 17408K, 0% used [0x00000000e1580000,0x00000000e1580000,0x00000000e2680000)
  to   space 16896K, 0% used [0x00000000e7e00000,0x00000000e7e00000,0x00000000e8e80000)
 ParOldGen       total 99328K, used 36074K [0x0000000080000000, 0x0000000086100000, 0x00000000d5580000)
  object space 99328K, 36% used [0x0000000080000000,0x000000008233ab30,0x0000000086100000)
 Metaspace       used 56861K, capacity 59092K, committed 59160K, reserved 1099776K
  class space    used 7765K, capacity 8208K, committed 8240K, reserved 1048576K
}

Deoptimization events (10 events):
Event: 69.694 Thread 0x000000001a9ef800 Uncommon trap: reason=array_check action=maybe_recompile pc=0x0000000002e0cfa0 method=java.util.AbstractCollection.toArray([Ljava/lang/Object;)[Ljava/lang/Object; @ 119
Event: 69.694 Thread 0x000000001a9ef800 Uncommon trap: reason=array_check action=maybe_recompile pc=0x0000000002e0cfa0 method=java.util.AbstractCollection.toArray([Ljava/lang/Object;)[Ljava/lang/Object; @ 119
Event: 69.698 Thread 0x000000001a9ef800 Uncommon trap: reason=array_check action=maybe_recompile pc=0x0000000002e0cfa0 method=java.util.AbstractCollection.toArray([Ljava/lang/Object;)[Ljava/lang/Object; @ 119
Event: 70.179 Thread 0x000000001a9ef800 Uncommon trap: reason=unstable_if action=reinterpret pc=0x000000000311a3a8 method=java.util.regex.Pattern$BmpCharProperty.match(Ljava/util/regex/Matcher;ILjava/lang/CharSequence;)Z @ 34
Event: 70.226 Thread 0x000000001a9ef800 Uncommon trap: reason=unstable_if action=reinterpret pc=0x00000000039b9154 method=com.sun.org.apache.xerces.internal.impl.XMLEntityScanner.skipSpaces()Z @ 303
Event: 70.252 Thread 0x000000001a9ef800 Uncommon trap: reason=unstable_if action=reinterpret pc=0x00000000039af248 method=com.sun.org.apache.xerces.internal.impl.XMLEntityScanner.scanLiteral(ILcom/sun/org/apache/xerces/internal/xni/XMLString;Z)I @ 660
Event: 70.322 Thread 0x000000001a9ef800 Uncommon trap: reason=unstable_if action=reinterpret pc=0x0000000003bf091c method=java.lang.CharacterDataLatin1.digit(II)I @ 31
Event: 70.547 Thread 0x000000001a9ef800 Uncommon trap: reason=unstable_if action=reinterpret pc=0x000000000391f8b4 method=com.google.gson.stream.JsonReader.doPeek()I @ 315
Event: 71.090 Thread 0x000000001a9ef800 Uncommon trap: reason=unstable_if action=reinterpret pc=0x00000000034cfe20 method=java.util.HashMap.putVal(ILjava/lang/Object;Ljava/lang/Object;ZZ)Ljava/lang/Object; @ 109
Event: 71.092 Thread 0x000000001a9ef800 Uncommon trap: reason=unstable_if action=reinterpret pc=0x0000000003877c20 method=java.util.HashMap.putVal(ILjava/lang/Object;Ljava/lang/Object;ZZ)Ljava/lang/Object; @ 109

Classes redefined (0 events):
No events

Internal exceptions (10 events):
Event: 62.908 Thread 0x000000001a9ef800 Exception <a 'java/lang/ClassNotFoundException': com/google/android/gms/dependencies/DependencyInspectorBeanInfo> (0x00000000d93bce38) thrown at [C:\src\AOSP-openjdk-git\hotspot\src\share\vm\classfile\systemDictionary.cpp, line 210]
Event: 62.910 Thread 0x000000001a9ef800 Exception <a 'java/lang/ClassNotFoundException': com/google/android/gms/dependencies/DependencyInspectorCustomizer> (0x00000000d93da358) thrown at [C:\src\AOSP-openjdk-git\hotspot\src\share\vm\classfile\systemDictionary.cpp, line 210]
Event: 62.947 Thread 0x000000001a9ef800 Exception <a 'java/lang/ClassNotFoundException': org/gradle/invocation/DefaultGradle_DecoratedBeanInfo> (0x00000000d944a6b0) thrown at [C:\src\AOSP-openjdk-git\hotspot\src\share\vm\classfile\systemDictionary.cpp, line 210]
Event: 62.958 Thread 0x000000001a9ef800 Exception <a 'java/lang/ClassNotFoundException': org/gradle/invocation/DefaultGradleBeanInfo> (0x00000000d94610a8) thrown at [C:\src\AOSP-openjdk-git\hotspot\src\share\vm\classfile\systemDictionary.cpp, line 210]
Event: 62.959 Thread 0x000000001a9ef800 Exception <a 'java/lang/ClassNotFoundException': org/gradle/invocation/DefaultGradleCustomizer> (0x00000000d94780c0) thrown at [C:\src\AOSP-openjdk-git\hotspot\src\share\vm\classfile\systemDictionary.cpp, line 210]
Event: 62.966 Thread 0x000000001a9ef800 Exception <a 'java/lang/ClassNotFoundException': org/gradle/invocation/DefaultGradle_DecoratedCustomizer> (0x00000000d94d95b0) thrown at [C:\src\AOSP-openjdk-git\hotspot\src\share\vm\classfile\systemDictionary.cpp, line 210]
Event: 64.154 Thread 0x000000001a9ef800 Exception <a 'java/lang/NoSuchMethodError': java.lang.Object.lambda$static$0(Lorg/gradle/api/internal/tasks/TaskDependencyResolveContext;)V> (0x00000000d9dc3fa0) thrown at [C:\src\AOSP-openjdk-git\hotspot\src\share\vm\interpreter\linkResolver.cpp, line 62
Event: 67.183 Thread 0x000000001a9ef800 Exception <a 'sun/nio/fs/WindowsException'> (0x00000000d5707af0) thrown at [C:\src\AOSP-openjdk-git\hotspot\src\share\vm\prims\jni.cpp, line 710]
Event: 67.539 Thread 0x000000001a9ef800 Exception <a 'java/lang/ClassNotFoundException': com/sun/org/glassfish/hk2/osgiresourcelocator/ServiceLoader> (0x00000000d5b18e58) thrown at [C:\src\AOSP-openjdk-git\hotspot\src\share\vm\classfile\systemDictionary.cpp, line 210]
Event: 68.904 Thread 0x000000001a9ef800 Exception <a 'java/lang/NullPointerException'> (0x00000000d5f9fa78) thrown at [C:\src\AOSP-openjdk-git\hotspot\src\share\vm\interpreter\linkResolver.cpp, line 1287]

Events (10 events):
Event: 71.467 loading class java/util/stream/ReferencePipeline$7$1
Event: 71.467 loading class java/util/stream/ReferencePipeline$7$1 done
Event: 71.467 loading class com/android/build/gradle/tasks/ExtractDeepLinksTask$CreationAction$configure$1$1
Event: 71.467 loading class com/android/build/gradle/tasks/ExtractDeepLinksTask$CreationAction$configure$1$1 done
Event: 71.479 loading class com/android/build/gradle/internal/tasks/featuresplit/PackagedDependenciesWriterTask$CreationAction$configure$1
Event: 71.479 loading class com/android/build/gradle/internal/tasks/featuresplit/PackagedDependenciesWriterTask$CreationAction$configure$1 done
Event: 71.482 loading class com/android/build/gradle/internal/tasks/featuresplit/PackagedDependenciesWriterTaskKt
Event: 71.482 loading class com/android/build/gradle/internal/tasks/featuresplit/PackagedDependenciesWriterTaskKt done
Event: 71.484 loading class com/android/build/gradle/internal/tasks/featuresplit/PackagedDependenciesWriterTaskKt$aarOrJarType$1
Event: 71.484 loading class com/android/build/gradle/internal/tasks/featuresplit/PackagedDependenciesWriterTaskKt$aarOrJarType$1 done


Dynamic libraries:
0x00007ff734000000 - 0x00007ff734031000 	C:\Program Files\Android\Android Studio\jre\bin\java.exe
0x00007ff9db240000 - 0x00007ff9db430000 	C:\Windows\SYSTEM32\ntdll.dll
0x00007ff9d9630000 - 0x00007ff9d96e2000 	C:\Windows\System32\KERNEL32.DLL
0x00007ff9d81c0000 - 0x00007ff9d8464000 	C:\Windows\System32\KERNELBASE.dll
0x00007ff9da890000 - 0x00007ff9da933000 	C:\Windows\System32\ADVAPI32.dll
0x00007ff9d9920000 - 0x00007ff9d99be000 	C:\Windows\System32\msvcrt.dll
0x00007ff9d9750000 - 0x00007ff9d97e7000 	C:\Windows\System32\sechost.dll
0x00007ff9dadc0000 - 0x00007ff9daee0000 	C:\Windows\System32\RPCRT4.dll
0x00007ff9da940000 - 0x00007ff9daad5000 	C:\Windows\System32\USER32.dll
0x00007ff9d8990000 - 0x00007ff9d89b1000 	C:\Windows\System32\win32u.dll
0x00007ff9d9ab0000 - 0x00007ff9d9ad6000 	C:\Windows\System32\GDI32.dll
0x00007ff9d89c0000 - 0x00007ff9d8b56000 	C:\Windows\System32\gdi32full.dll
0x00007ff9d84f0000 - 0x00007ff9d858e000 	C:\Windows\System32\msvcp_win.dll
0x00007ff9d8690000 - 0x00007ff9d878a000 	C:\Windows\System32\ucrtbase.dll
0x00007ff9c5380000 - 0x00007ff9c5604000 	C:\Windows\WinSxS\amd64_microsoft.windows.common-controls_6595b64144ccf1df_6.0.18362.1016_none_9e7a36bbe461dae4\COMCTL32.dll
0x00007ff9d92f0000 - 0x00007ff9d9625000 	C:\Windows\System32\combase.dll
0x00007ff9d8590000 - 0x00007ff9d8610000 	C:\Windows\System32\bcryptPrimitives.dll
0x00007ff9da860000 - 0x00007ff9da88e000 	C:\Windows\System32\IMM32.DLL
0x00000000631a0000 - 0x0000000063272000 	C:\Program Files\Android\Android Studio\jre\jre\bin\msvcr100.dll
0x00000000625c0000 - 0x0000000062e0b000 	C:\Program Files\Android\Android Studio\jre\jre\bin\server\jvm.dll
0x00007ff9db0b0000 - 0x00007ff9db0b8000 	C:\Windows\System32\PSAPI.DLL
0x00007ff9d08f0000 - 0x00007ff9d08f9000 	C:\Windows\SYSTEM32\WSOCK32.dll
0x00007ff9d0950000 - 0x00007ff9d0974000 	C:\Windows\SYSTEM32\WINMM.dll
0x00007ff9d1600000 - 0x00007ff9d160a000 	C:\Windows\SYSTEM32\VERSION.dll
0x00007ff9d0920000 - 0x00007ff9d094d000 	C:\Windows\SYSTEM32\WINMMBASE.dll
0x00007ff9d8610000 - 0x00007ff9d865a000 	C:\Windows\System32\cfgmgr32.dll
0x00007ff9d99c0000 - 0x00007ff9d9a2f000 	C:\Windows\System32\WS2_32.dll
0x00007ff9d0690000 - 0x00007ff9d069f000 	C:\Program Files\Android\Android Studio\jre\jre\bin\verify.dll
0x00007ff9d0660000 - 0x00007ff9d0689000 	C:\Program Files\Android\Android Studio\jre\jre\bin\java.dll
0x00007ff9d0560000 - 0x00007ff9d0576000 	C:\Program Files\Android\Android Studio\jre\jre\bin\zip.dll
0x00007ff9d9ae0000 - 0x00007ff9da1c7000 	C:\Windows\System32\SHELL32.dll
0x00007ff9d97f0000 - 0x00007ff9d9899000 	C:\Windows\System32\shcore.dll
0x00007ff9d8b60000 - 0x00007ff9d92e2000 	C:\Windows\System32\windows.storage.dll
0x00007ff9d8170000 - 0x00007ff9d8193000 	C:\Windows\System32\profapi.dll
0x00007ff9d8120000 - 0x00007ff9d816a000 	C:\Windows\System32\powrprof.dll
0x00007ff9d80f0000 - 0x00007ff9d8100000 	C:\Windows\System32\UMPDC.dll
0x00007ff9d96f0000 - 0x00007ff9d9742000 	C:\Windows\System32\shlwapi.dll
0x00007ff9d81a0000 - 0x00007ff9d81b1000 	C:\Windows\System32\kernel.appcore.dll
0x00007ff9d84d0000 - 0x00007ff9d84e7000 	C:\Windows\System32\cryptsp.dll
0x00007ff9d04b0000 - 0x00007ff9d04ca000 	C:\Program Files\Android\Android Studio\jre\jre\bin\net.dll
0x00007ff9d78f0000 - 0x00007ff9d7957000 	C:\Windows\system32\mswsock.dll
0x00007ff9d0470000 - 0x00007ff9d0483000 	C:\Program Files\Android\Android Studio\jre\jre\bin\nio.dll
0x00007ff9c2000000 - 0x00007ff9c2027000 	C:\Users\iqbal\.gradle\native\f6784746aeab05261644944871eae4fe03e0ef1612fff0a4a95f87b438bc6780\windows-amd64\native-platform.dll
0x00007ff9cd110000 - 0x00007ff9cd11d000 	C:\Program Files\Android\Android Studio\jre\jre\bin\management.dll
0x00007ff9d7460000 - 0x00007ff9d7493000 	C:\Windows\system32\rsaenh.dll
0x00007ff9d8660000 - 0x00007ff9d8686000 	C:\Windows\System32\bcrypt.dll
0x00007ff9d8010000 - 0x00007ff9d8035000 	C:\Windows\SYSTEM32\USERENV.dll
0x00007ff9d7ac0000 - 0x00007ff9d7acc000 	C:\Windows\SYSTEM32\CRYPTBASE.dll
0x00007ff9d7600000 - 0x00007ff9d763a000 	C:\Windows\SYSTEM32\IPHLPAPI.DLL
0x00007ff9da850000 - 0x00007ff9da858000 	C:\Windows\System32\NSI.dll
0x00007ff9d2490000 - 0x00007ff9d24a6000 	C:\Windows\SYSTEM32\dhcpcsvc6.DLL
0x00007ff9d22a0000 - 0x00007ff9d22bc000 	C:\Windows\SYSTEM32\dhcpcsvc.DLL
0x00007ff9d7640000 - 0x00007ff9d770b000 	C:\Windows\SYSTEM32\DNSAPI.dll
0x00007ff9d3a00000 - 0x00007ff9d3a0b000 	C:\Windows\SYSTEM32\WINNSI.DLL

VM Arguments:
jvm_args: -Xmx2048m -Dfile.encoding=windows-1252 -Duser.country=ID -Duser.language=en -Duser.variant 
java_command: org.gradle.launcher.daemon.bootstrap.GradleDaemon 6.5
java_class_path (initial): C:\Users\iqbal\.gradle\wrapper\dists\gradle-6.5-bin\6nifqtx7604sqp1q6g8wikw7p\gradle-6.5\lib\gradle-launcher-6.5.jar
Launcher Type: SUN_STANDARD

Environment Variables:
PATH=C:\Program Files (x86)\Common Files\Oracle\Java\javapath;C:\Program Files\Android\Android Studio\jdk-13.0.1;C:\Windows\system32;C:\Windows;C:\Windows\System32\Wbem;C:\Windows\System32\WindowsPowerShell\v1.0\;C:\Windows\System32\OpenSSH\;C:\Program Files (x86)\Microsoft SQL Server\110\Tools\Binn\;C:\Program Files (x86)\Microsoft SQL Server\110\DTS\Binn\;C:\Program Files (x86)\Microsoft SQL Server\150\DTS\Binn\;C:\Program Files\dotnet\;C:\Program Files\Git\cmd;C:\Program Files\Microsoft SQL Server\130\Tools\Binn\;C:\Program Files\Microsoft SQL Server\Client SDK\ODBC\170\Tools\Binn\;C:\Users\iqbal\AppData\Local\Microsoft\WindowsApps;;C:\Users\iqbal\AppData\Local\Programs\Microsoft VS Code\bin
USERNAME=iqbal
OS=Windows_NT
PROCESSOR_IDENTIFIER=AMD64 Family 22 Model 48 Stepping 1, AuthenticAMD



---------------  S Y S T E M  ---------------

OS: Windows 10.0 , 64 bit Build 18362 (10.0.18362.959)

CPU:total 4 (initial active 4) (4 cores per cpu, 1 threads per core) family 22 model 48 stepping 1, cmov, cx8, fxsr, mmx, sse, sse2, sse3, ssse3, sse4.1, sse4.2, popcnt, avx, aes, clmul, mmxext, 3dnowpref, lzcnt, sse4a, tsc, tscinvbit, tscinv, bmi1

Memory: 4k page, physical 7299348k(1999296k free), swap 21870096k(8688k free)

vm_info: OpenJDK 64-Bit Server VM (25.242-b01) for windows-amd64 JRE (1.8.0_242-release-1644-b01), built by "builder" with MS VC++ 10.0 (VS2010)

time: Tue Nov 10 15:05:46 2020
timezone: SE Asia Standard Time
elapsed time: 71 seconds (0d 0h 1m 11s)

