#
# There is insufficient memory for the Java Runtime Environment to continue.
# Native memory allocation (malloc) failed to allocate 32744 bytes for ChunkPool::allocate
# Possible reasons:
#   The system is out of physical RAM or swap space
#   The process is running with CompressedOops enabled, and the Java Heap may be blocking the growth of the native heap
# Possible solutions:
#   Reduce memory load on the system
#   Increase physical memory or swap space
#   Check if swap backing store is full
#   Decrease Java heap size (-Xmx/-Xms)
#   Decrease number of Java threads
#   Decrease Java thread stack sizes (-Xss)
#   Set larger code cache with -XX:ReservedCodeCacheSize=
#   JVM is running with Unscaled Compressed Oops mode in which the Java heap is
#     placed in the first 4GB address space. The Java Heap base address is the
#     maximum limit for the native heap growth. Please use -XX:HeapBaseMinAddress
#     to set the Java Heap base and to place the Java Heap above 4GB virtual address.
# This output file may be truncated or incomplete.
#
#  Out of Memory Error (allocation.cpp:272), pid=13000, tid=0x0000000000002124
#
# JRE version: OpenJDK Runtime Environment (8.0_242-b01) (build 1.8.0_242-release-1644-b01)
# Java VM: OpenJDK 64-Bit Server VM (25.242-b01 mixed mode windows-amd64 compressed oops)
# Failed to write core dump. Minidumps are not enabled by default on client versions of Windows
#

---------------  T H R E A D  ---------------

Current thread (0x00000000178d2000):  JavaThread "C2 CompilerThread1" daemon [_thread_in_native, id=8484, stack(0x0000000019030000,0x0000000019130000)]

Stack: [0x0000000019030000,0x0000000019130000]
[error occurred during error reporting (printing stack bounds), id 0xc0000005]

Native frames: (J=compiled Java code, j=interpreted, Vv=VM code, C=native code)


Current CompileTask:
C2:   8556 1541   !   4       java.net.URLClassLoader$1::run (63 bytes)


---------------  P R O C E S S  ---------------

Java Threads: ( => current thread )
  0x000000001a74d800 JavaThread "Thread-9" [_thread_blocked, id=12720, stack(0x000000001c380000,0x000000001c480000)]
  0x000000001a50b800 JavaThread "Stdin handler" [_thread_blocked, id=12972, stack(0x000000001c280000,0x000000001c380000)]
  0x000000001a505000 JavaThread "Asynchronous log dispatcher for DefaultDaemonConnection: socket connection from /127.0.0.1:55556 to /127.0.0.1:55557" [_thread_blocked, id=11252, stack(0x000000001c180000,0x000000001c280000)]
  0x000000001a504000 JavaThread "Daemon worker" [_thread_in_vm, id=980, stack(0x000000001c080000,0x000000001c180000)]
  0x000000001a50f000 JavaThread "Cancel handler" [_thread_blocked, id=464, stack(0x000000001bf80000,0x000000001c080000)]
  0x000000001923a800 JavaThread "Handler for socket connection from /127.0.0.1:55556 to /127.0.0.1:55557" [_thread_in_native, id=7076, stack(0x000000001be80000,0x000000001bf80000)]
  0x00000000193a4800 JavaThread "Daemon" [_thread_blocked, id=2372, stack(0x000000001bd80000,0x000000001be80000)]
  0x0000000019e6c000 JavaThread "Daemon periodic checks" [_thread_blocked, id=12648, stack(0x000000001ba80000,0x000000001bb80000)]
  0x000000001a15d800 JavaThread "Incoming local TCP Connector on port 55556" [_thread_in_native, id=9332, stack(0x000000001b840000,0x000000001b940000)]
  0x000000001af1b000 JavaThread "Daemon health stats" [_thread_blocked, id=12032, stack(0x000000001b200000,0x000000001b300000)]
  0x0000000019263000 JavaThread "Service Thread" daemon [_thread_blocked, id=3920, stack(0x0000000019630000,0x0000000019730000)]
  0x00000000178dc000 JavaThread "C1 CompilerThread2" daemon [_thread_blocked, id=2520, stack(0x0000000019130000,0x0000000019230000)]
=>0x00000000178d2000 JavaThread "C2 CompilerThread1" daemon [_thread_in_native, id=8484, stack(0x0000000019030000,0x0000000019130000)]
  0x00000000178c6000 JavaThread "C2 CompilerThread0" daemon [_thread_in_native, id=5400, stack(0x0000000018f30000,0x0000000019030000)]
  0x00000000178c4800 JavaThread "Attach Listener" daemon [_thread_blocked, id=12076, stack(0x0000000018e30000,0x0000000018f30000)]
  0x00000000178c1000 JavaThread "Signal Dispatcher" daemon [_thread_blocked, id=4640, stack(0x0000000018d30000,0x0000000018e30000)]
  0x0000000002c9b000 JavaThread "Finalizer" daemon [_thread_blocked, id=11412, stack(0x0000000018b30000,0x0000000018c30000)]
  0x00000000178a9000 JavaThread "Reference Handler" daemon [_thread_blocked, id=11932, stack(0x0000000018a30000,0x0000000018b30000)]
  0x0000000002a9e000 JavaThread "main" [_thread_blocked, id=11572, stack(0x0000000002aa0000,0x0000000002ba0000)]

Other Threads:
  0x0000000017886800 VMThread [stack: 0x0000000018930000,0x0000000018a30000] [id=13244]
  0x0000000019263800 WatcherThread [stack: 0x0000000019730000,0x0000000019830000] [id=9476]

VM state:not at safepoint (normal execution)

VM Mutex/Monitor currently owned by a thread: None

heap address: 0x0000000080000000, size: 2048 MB, Compressed Oops mode: 32-bit
Narrow klass base: 0x0000000000000000, Narrow klass shift: 3
Compressed class space size: 1073741824 Address: 0x0000000100000000

Heap:
 PSYoungGen      total 33280K, used 17879K [0x00000000d5580000, 0x00000000d7a80000, 0x0000000100000000)
  eden space 28672K, 46% used [0x00000000d5580000,0x00000000d6279cc0,0x00000000d7180000)
  from space 4608K, 99% used [0x00000000d7600000,0x00000000d7a7c010,0x00000000d7a80000)
  to   space 4608K, 0% used [0x00000000d7180000,0x00000000d7180000,0x00000000d7600000)
 ParOldGen       total 76800K, used 2024K [0x0000000080000000, 0x0000000084b00000, 0x00000000d5580000)
  object space 76800K, 2% used [0x0000000080000000,0x00000000801fa3d0,0x0000000084b00000)
 Metaspace       used 14384K, capacity 14832K, committed 14976K, reserved 1062912K
  class space    used 1964K, capacity 2088K, committed 2176K, reserved 1048576K

Card table byte_map: [0x0000000012060000,0x0000000012470000] byte_map_base: 0x0000000011c60000

Marking Bits: (ParMarkBitMap*) 0x0000000062d8f030
 Begin Bits: [0x0000000012b20000, 0x0000000014b20000)
 End Bits:   [0x0000000014b20000, 0x0000000016b20000)

Polling page: 0x00000000010d0000

CodeCache: size=245760Kb used=5419Kb max_used=5429Kb free=240340Kb
 bounds [0x0000000002ca0000, 0x0000000003200000, 0x0000000011ca0000]
 total_blobs=1921 nmethods=1540 adapters=295
 compilation: enabled

Compilation events (10 events):
Event: 8.414 Thread 0x00000000178dc000 1536       3       java.util.ArrayList::isEmpty (13 bytes)
Event: 8.414 Thread 0x00000000178dc000 nmethod 1536 0x00000000031e9210 code [0x00000000031e9360, 0x00000000031e9510]
Event: 8.414 Thread 0x00000000178dc000 1537       1       org.gradle.internal.service.DefaultServiceRegistry::access$1600 (5 bytes)
Event: 8.414 Thread 0x00000000178dc000 nmethod 1537 0x00000000031e8f50 code [0x00000000031e90a0, 0x00000000031e9190]
Event: 8.419 Thread 0x00000000178d2000 1538       4       java.util.jar.JarFile::maybeInstantiateVerifier (96 bytes)
Event: 8.423 Thread 0x00000000178c6000 1539       4       java.lang.String::codePointAt (36 bytes)
Event: 8.425 Thread 0x00000000178c6000 nmethod 1539 0x00000000031e8bd0 code [0x00000000031e8d20, 0x00000000031e8e18]
Event: 8.430 Thread 0x00000000178c6000 1540       4       java.net.URLClassLoader$1::run (5 bytes)
Event: 8.442 Thread 0x00000000178d2000 nmethod 1538 0x00000000031e8250 code [0x00000000031e83e0, 0x00000000031e8838]
Event: 8.443 Thread 0x00000000178d2000 1541   !   4       java.net.URLClassLoader$1::run (63 bytes)

GC Heap History (8 events):
Event: 2.694 GC heap before
{Heap before GC invocations=1 (full 0):
 PSYoungGen      total 33280K, used 28672K [0x00000000d5580000, 0x00000000d7a80000, 0x0000000100000000)
  eden space 28672K, 100% used [0x00000000d5580000,0x00000000d7180000,0x00000000d7180000)
  from space 4608K, 0% used [0x00000000d7600000,0x00000000d7600000,0x00000000d7a80000)
  to   space 4608K, 0% used [0x00000000d7180000,0x00000000d7180000,0x00000000d7600000)
 ParOldGen       total 76800K, used 0K [0x0000000080000000, 0x0000000084b00000, 0x00000000d5580000)
  object space 76800K, 0% used [0x0000000080000000,0x0000000080000000,0x0000000084b00000)
 Metaspace       used 7257K, capacity 7448K, committed 7680K, reserved 1056768K
  class space    used 896K, capacity 972K, committed 1024K, reserved 1048576K
Event: 2.709 GC heap after
Heap after GC invocations=1 (full 0):
 PSYoungGen      total 33280K, used 4171K [0x00000000d5580000, 0x00000000d7a80000, 0x0000000100000000)
  eden space 28672K, 0% used [0x00000000d5580000,0x00000000d5580000,0x00000000d7180000)
  from space 4608K, 90% used [0x00000000d7180000,0x00000000d7592d88,0x00000000d7600000)
  to   space 4608K, 0% used [0x00000000d7600000,0x00000000d7600000,0x00000000d7a80000)
 ParOldGen       total 76800K, used 8K [0x0000000080000000, 0x0000000084b00000, 0x00000000d5580000)
  object space 76800K, 0% used [0x0000000080000000,0x0000000080002000,0x0000000084b00000)
 Metaspace       used 7257K, capacity 7448K, committed 7680K, reserved 1056768K
  class space    used 896K, capacity 972K, committed 1024K, reserved 1048576K
}
Event: 3.638 GC heap before
{Heap before GC invocations=2 (full 0):
 PSYoungGen      total 33280K, used 32843K [0x00000000d5580000, 0x00000000d7a80000, 0x0000000100000000)
  eden space 28672K, 100% used [0x00000000d5580000,0x00000000d7180000,0x00000000d7180000)
  from space 4608K, 90% used [0x00000000d7180000,0x00000000d7592d88,0x00000000d7600000)
  to   space 4608K, 0% used [0x00000000d7600000,0x00000000d7600000,0x00000000d7a80000)
 ParOldGen       total 76800K, used 8K [0x0000000080000000, 0x0000000084b00000, 0x00000000d5580000)
  object space 76800K, 0% used [0x0000000080000000,0x0000000080002000,0x0000000084b00000)
 Metaspace       used 7701K, capacity 7966K, committed 8320K, reserved 1056768K
  class space    used 937K, capacity 1037K, committed 1152K, reserved 1048576K
Event: 3.645 GC heap after
Heap after GC invocations=2 (full 0):
 PSYoungGen      total 33280K, used 3196K [0x00000000d5580000, 0x00000000d7a80000, 0x0000000100000000)
  eden space 28672K, 0% used [0x00000000d5580000,0x00000000d5580000,0x00000000d7180000)
  from space 4608K, 69% used [0x00000000d7600000,0x00000000d791f040,0x00000000d7a80000)
  to   space 4608K, 0% used [0x00000000d7180000,0x00000000d7180000,0x00000000d7600000)
 ParOldGen       total 76800K, used 16K [0x0000000080000000, 0x0000000084b00000, 0x00000000d5580000)
  object space 76800K, 0% used [0x0000000080000000,0x0000000080004000,0x0000000084b00000)
 Metaspace       used 7701K, capacity 7966K, committed 8320K, reserved 1056768K
  class space    used 937K, capacity 1037K, committed 1152K, reserved 1048576K
}
Event: 4.388 GC heap before
{Heap before GC invocations=3 (full 0):
 PSYoungGen      total 33280K, used 31868K [0x00000000d5580000, 0x00000000d7a80000, 0x0000000100000000)
  eden space 28672K, 100% used [0x00000000d5580000,0x00000000d7180000,0x00000000d7180000)
  from space 4608K, 69% used [0x00000000d7600000,0x00000000d791f040,0x00000000d7a80000)
  to   space 4608K, 0% used [0x00000000d7180000,0x00000000d7180000,0x00000000d7600000)
 ParOldGen       total 76800K, used 16K [0x0000000080000000, 0x0000000084b00000, 0x00000000d5580000)
  object space 76800K, 0% used [0x0000000080000000,0x0000000080004000,0x0000000084b00000)
 Metaspace       used 9457K, capacity 9726K, committed 9856K, reserved 1058816K
  class space    used 1227K, capacity 1303K, committed 1408K, reserved 1048576K
Event: 4.399 GC heap after
Heap after GC invocations=3 (full 0):
 PSYoungGen      total 33280K, used 4592K [0x00000000d5580000, 0x00000000d7a80000, 0x0000000100000000)
  eden space 28672K, 0% used [0x00000000d5580000,0x00000000d5580000,0x00000000d7180000)
  from space 4608K, 99% used [0x00000000d7180000,0x00000000d75fc010,0x00000000d7600000)
  to   space 4608K, 0% used [0x00000000d7600000,0x00000000d7600000,0x00000000d7a80000)
 ParOldGen       total 76800K, used 80K [0x0000000080000000, 0x0000000084b00000, 0x00000000d5580000)
  object space 76800K, 0% used [0x0000000080000000,0x0000000080014000,0x0000000084b00000)
 Metaspace       used 9457K, capacity 9726K, committed 9856K, reserved 1058816K
  class space    used 1227K, capacity 1303K, committed 1408K, reserved 1048576K
}
Event: 7.875 GC heap before
{Heap before GC invocations=4 (full 0):
 PSYoungGen      total 33280K, used 33264K [0x00000000d5580000, 0x00000000d7a80000, 0x0000000100000000)
  eden space 28672K, 100% used [0x00000000d5580000,0x00000000d7180000,0x00000000d7180000)
  from space 4608K, 99% used [0x00000000d7180000,0x00000000d75fc010,0x00000000d7600000)
  to   space 4608K, 0% used [0x00000000d7600000,0x00000000d7600000,0x00000000d7a80000)
 ParOldGen       total 76800K, used 80K [0x0000000080000000, 0x0000000084b00000, 0x00000000d5580000)
  object space 76800K, 0% used [0x0000000080000000,0x0000000080014000,0x0000000084b00000)
 Metaspace       used 13015K, capacity 13436K, committed 13696K, reserved 1060864K
  class space    used 1777K, capacity 1882K, committed 1920K, reserved 1048576K
Event: 7.897 GC heap after
Heap after GC invocations=4 (full 0):
 PSYoungGen      total 33280K, used 4592K [0x00000000d5580000, 0x00000000d7a80000, 0x0000000100000000)
  eden space 28672K, 0% used [0x00000000d5580000,0x00000000d5580000,0x00000000d7180000)
  from space 4608K, 99% used [0x00000000d7600000,0x00000000d7a7c010,0x00000000d7a80000)
  to   space 4608K, 0% used [0x00000000d7180000,0x00000000d7180000,0x00000000d7600000)
 ParOldGen       total 76800K, used 2024K [0x0000000080000000, 0x0000000084b00000, 0x00000000d5580000)
  object space 76800K, 2% used [0x0000000080000000,0x00000000801fa3d0,0x0000000084b00000)
 Metaspace       used 13015K, capacity 13436K, committed 13696K, reserved 1060864K
  class space    used 1777K, capacity 1882K, committed 1920K, reserved 1048576K
}

Deoptimization events (10 events):
Event: 5.503 Thread 0x0000000002a9e000 Uncommon trap: reason=unstable_if action=reinterpret pc=0x0000000002fba36c method=java.io.WinNTFileSystem.normalize(Ljava/lang/String;)Ljava/lang/String; @ 128
Event: 6.913 Thread 0x000000001923a800 Uncommon trap: reason=unstable_if action=reinterpret pc=0x00000000030cda80 method=java.util.concurrent.ConcurrentHashMap.putVal(Ljava/lang/Object;Ljava/lang/Object;Z)Ljava/lang/Object; @ 206
Event: 7.124 Thread 0x000000001a504000 Uncommon trap: reason=bimorphic action=maybe_recompile pc=0x0000000002f39840 method=java.util.HashMap.putVal(ILjava/lang/Object;Ljava/lang/Object;ZZ)Ljava/lang/Object; @ 253
Event: 7.124 Thread 0x000000001a504000 Uncommon trap: reason=bimorphic action=maybe_recompile pc=0x0000000002f39840 method=java.util.HashMap.putVal(ILjava/lang/Object;Ljava/lang/Object;ZZ)Ljava/lang/Object; @ 253
Event: 7.124 Thread 0x000000001a504000 Uncommon trap: reason=bimorphic action=maybe_recompile pc=0x0000000002f39840 method=java.util.HashMap.putVal(ILjava/lang/Object;Ljava/lang/Object;ZZ)Ljava/lang/Object; @ 253
Event: 7.124 Thread 0x000000001a504000 Uncommon trap: reason=bimorphic action=maybe_recompile pc=0x0000000002f39840 method=java.util.HashMap.putVal(ILjava/lang/Object;Ljava/lang/Object;ZZ)Ljava/lang/Object; @ 253
Event: 8.233 Thread 0x000000001a504000 Uncommon trap: reason=class_check action=maybe_recompile pc=0x000000000300a364 method=java.util.regex.Matcher.match(II)Z @ 86
Event: 8.313 Thread 0x000000001a504000 Uncommon trap: reason=class_check action=maybe_recompile pc=0x000000000300a364 method=java.util.regex.Matcher.match(II)Z @ 86
Event: 8.314 Thread 0x000000001a504000 Uncommon trap: reason=class_check action=maybe_recompile pc=0x000000000300a364 method=java.util.regex.Matcher.match(II)Z @ 86
Event: 8.315 Thread 0x000000001a504000 Uncommon trap: reason=class_check action=maybe_recompile pc=0x0000000002e700d8 method=java.util.regex.Matcher.match(II)Z @ 86

Classes redefined (0 events):
No events

Internal exceptions (10 events):
Event: 2.105 Thread 0x0000000002a9e000 Exception <a 'java/lang/ArrayIndexOutOfBoundsException'> (0x00000000d6b5b2b0) thrown at [C:\src\AOSP-openjdk-git\hotspot\src\share\vm\runtime\sharedRuntime.cpp, line 605]
Event: 2.106 Thread 0x0000000002a9e000 Exception <a 'java/lang/ArrayIndexOutOfBoundsException'> (0x00000000d6b6a860) thrown at [C:\src\AOSP-openjdk-git\hotspot\src\share\vm\runtime\sharedRuntime.cpp, line 605]
Event: 6.784 Thread 0x0000000002a9e000 Exception <a 'java/io/IOException'> (0x00000000d5e9c948) thrown at [C:\src\AOSP-openjdk-git\hotspot\src\share\vm\prims\jni.cpp, line 710]
Event: 6.915 Thread 0x000000001923a800 Exception <a 'java/lang/NoSuchMethodError': <clinit>> (0x00000000d60e8f30) thrown at [C:\src\AOSP-openjdk-git\hotspot\src\share\vm\prims\jni.cpp, line 1615]
Event: 6.918 Thread 0x000000001923a800 Exception <a 'java/lang/NoSuchMethodError': <clinit>> (0x00000000d60f2638) thrown at [C:\src\AOSP-openjdk-git\hotspot\src\share\vm\prims\jni.cpp, line 1615]
Event: 6.926 Thread 0x000000001923a800 Exception <a 'java/lang/NoSuchMethodError': <clinit>> (0x00000000d6106c20) thrown at [C:\src\AOSP-openjdk-git\hotspot\src\share\vm\prims\jni.cpp, line 1615]
Event: 6.960 Thread 0x000000001923a800 Exception <a 'java/lang/NoSuchMethodError': <clinit>> (0x00000000d6173ba8) thrown at [C:\src\AOSP-openjdk-git\hotspot\src\share\vm\prims\jni.cpp, line 1615]
Event: 6.985 Thread 0x000000001923a800 Exception <a 'java/lang/NoSuchMethodError': <clinit>> (0x00000000d61ae0b0) thrown at [C:\src\AOSP-openjdk-git\hotspot\src\share\vm\prims\jni.cpp, line 1615]
Event: 7.021 Thread 0x000000001923a800 Exception <a 'java/lang/NoSuchMethodError': <clinit>> (0x00000000d61e38b8) thrown at [C:\src\AOSP-openjdk-git\hotspot\src\share\vm\prims\jni.cpp, line 1615]
Event: 7.033 Thread 0x000000001923a800 Exception <a 'java/lang/NoSuchMethodError': <clinit>> (0x00000000d61efe50) thrown at [C:\src\AOSP-openjdk-git\hotspot\src\share\vm\prims\jni.cpp, line 1615]

Events (10 events):
Event: 8.419 loading class org/gradle/cache/internal/HeapProportionalCacheSizer
Event: 8.419 loading class org/gradle/cache/internal/HeapProportionalCacheSizer done
Event: 8.421 loading class org/gradle/api/internal/changedetection/state/DefaultFileAccessTimeJournal
Event: 8.421 loading class org/gradle/api/internal/changedetection/state/DefaultFileAccessTimeJournal done
Event: 8.430 loading class org/gradle/cache/PersistentIndexedCacheParameters
Event: 8.430 loading class org/gradle/cache/PersistentIndexedCacheParameters done
Event: 8.436 loading class org/gradle/cache/internal/DefaultInMemoryCacheDecoratorFactory$InMemoryCacheDecorator
Event: 8.436 loading class org/gradle/cache/internal/DefaultInMemoryCacheDecoratorFactory$InMemoryCacheDecorator done
Event: 8.439 loading class org/gradle/cache/internal/btree/BTreePersistentIndexedCache
Event: 8.439 loading class org/gradle/cache/internal/btree/BTreePersistentIndexedCache done


Dynamic libraries:
0x00007ff734000000 - 0x00007ff734031000 	C:\Program Files\Android\Android Studio\jre\bin\java.exe
0x00007ff9db240000 - 0x00007ff9db430000 	C:\Windows\SYSTEM32\ntdll.dll
0x00007ff9d9630000 - 0x00007ff9d96e2000 	C:\Windows\System32\KERNEL32.DLL
0x00007ff9d81c0000 - 0x00007ff9d8464000 	C:\Windows\System32\KERNELBASE.dll
0x00007ff9da890000 - 0x00007ff9da933000 	C:\Windows\System32\ADVAPI32.dll
0x00007ff9d9920000 - 0x00007ff9d99be000 	C:\Windows\System32\msvcrt.dll
0x00007ff9d9750000 - 0x00007ff9d97e7000 	C:\Windows\System32\sechost.dll
0x00007ff9dadc0000 - 0x00007ff9daee0000 	C:\Windows\System32\RPCRT4.dll
0x00007ff9da940000 - 0x00007ff9daad5000 	C:\Windows\System32\USER32.dll
0x00007ff9d8990000 - 0x00007ff9d89b1000 	C:\Windows\System32\win32u.dll
0x00007ff9d9ab0000 - 0x00007ff9d9ad6000 	C:\Windows\System32\GDI32.dll
0x00007ff9d89c0000 - 0x00007ff9d8b56000 	C:\Windows\System32\gdi32full.dll
0x00007ff9d84f0000 - 0x00007ff9d858e000 	C:\Windows\System32\msvcp_win.dll
0x00007ff9d8690000 - 0x00007ff9d878a000 	C:\Windows\System32\ucrtbase.dll
0x00007ff9c5380000 - 0x00007ff9c5604000 	C:\Windows\WinSxS\amd64_microsoft.windows.common-controls_6595b64144ccf1df_6.0.18362.1016_none_9e7a36bbe461dae4\COMCTL32.dll
0x00007ff9d92f0000 - 0x00007ff9d9625000 	C:\Windows\System32\combase.dll
0x00007ff9d8590000 - 0x00007ff9d8610000 	C:\Windows\System32\bcryptPrimitives.dll
0x00007ff9da860000 - 0x00007ff9da88e000 	C:\Windows\System32\IMM32.DLL
0x00000000631a0000 - 0x0000000063272000 	C:\Program Files\Android\Android Studio\jre\jre\bin\msvcr100.dll
0x00000000625c0000 - 0x0000000062e0b000 	C:\Program Files\Android\Android Studio\jre\jre\bin\server\jvm.dll
0x00007ff9db0b0000 - 0x00007ff9db0b8000 	C:\Windows\System32\PSAPI.DLL
0x00007ff9d0950000 - 0x00007ff9d0974000 	C:\Windows\SYSTEM32\WINMM.dll
0x00007ff9d1600000 - 0x00007ff9d160a000 	C:\Windows\SYSTEM32\VERSION.dll
0x00007ff9d08f0000 - 0x00007ff9d08f9000 	C:\Windows\SYSTEM32\WSOCK32.dll
0x00007ff9d0920000 - 0x00007ff9d094d000 	C:\Windows\SYSTEM32\WINMMBASE.dll
0x00007ff9d99c0000 - 0x00007ff9d9a2f000 	C:\Windows\System32\WS2_32.dll
0x00007ff9d8610000 - 0x00007ff9d865a000 	C:\Windows\System32\cfgmgr32.dll
0x00007ff9d0690000 - 0x00007ff9d069f000 	C:\Program Files\Android\Android Studio\jre\jre\bin\verify.dll
0x00007ff9d0660000 - 0x00007ff9d0689000 	C:\Program Files\Android\Android Studio\jre\jre\bin\java.dll
0x00007ff9d0560000 - 0x00007ff9d0576000 	C:\Program Files\Android\Android Studio\jre\jre\bin\zip.dll
0x00007ff9d9ae0000 - 0x00007ff9da1c7000 	C:\Windows\System32\SHELL32.dll
0x00007ff9d97f0000 - 0x00007ff9d9899000 	C:\Windows\System32\shcore.dll
0x00007ff9d8b60000 - 0x00007ff9d92e2000 	C:\Windows\System32\windows.storage.dll
0x00007ff9d8170000 - 0x00007ff9d8193000 	C:\Windows\System32\profapi.dll
0x00007ff9d8120000 - 0x00007ff9d816a000 	C:\Windows\System32\powrprof.dll
0x00007ff9d80f0000 - 0x00007ff9d8100000 	C:\Windows\System32\UMPDC.dll
0x00007ff9d96f0000 - 0x00007ff9d9742000 	C:\Windows\System32\shlwapi.dll
0x00007ff9d81a0000 - 0x00007ff9d81b1000 	C:\Windows\System32\kernel.appcore.dll
0x00007ff9d84d0000 - 0x00007ff9d84e7000 	C:\Windows\System32\cryptsp.dll
0x00007ff9d04b0000 - 0x00007ff9d04ca000 	C:\Program Files\Android\Android Studio\jre\jre\bin\net.dll
0x00007ff9d78f0000 - 0x00007ff9d7957000 	C:\Windows\system32\mswsock.dll
0x00007ff9d0470000 - 0x00007ff9d0483000 	C:\Program Files\Android\Android Studio\jre\jre\bin\nio.dll
0x00007ff9c2000000 - 0x00007ff9c2027000 	C:\Users\iqbal\.gradle\native\f6784746aeab05261644944871eae4fe03e0ef1612fff0a4a95f87b438bc6780\windows-amd64\native-platform.dll
0x00007ff9cd110000 - 0x00007ff9cd11d000 	C:\Program Files\Android\Android Studio\jre\jre\bin\management.dll
0x00007ff9d7460000 - 0x00007ff9d7493000 	C:\Windows\system32\rsaenh.dll
0x00007ff9d8660000 - 0x00007ff9d8686000 	C:\Windows\System32\bcrypt.dll
0x00007ff9d8010000 - 0x00007ff9d8035000 	C:\Windows\SYSTEM32\USERENV.dll
0x00007ff9d7ac0000 - 0x00007ff9d7acc000 	C:\Windows\SYSTEM32\CRYPTBASE.dll
0x00007ff9d7600000 - 0x00007ff9d763a000 	C:\Windows\SYSTEM32\IPHLPAPI.DLL
0x00007ff9da850000 - 0x00007ff9da858000 	C:\Windows\System32\NSI.dll
0x00007ff9d2490000 - 0x00007ff9d24a6000 	C:\Windows\SYSTEM32\dhcpcsvc6.DLL
0x00007ff9d22a0000 - 0x00007ff9d22bc000 	C:\Windows\SYSTEM32\dhcpcsvc.DLL
0x00007ff9d7640000 - 0x00007ff9d770b000 	C:\Windows\SYSTEM32\DNSAPI.dll
0x00007ff9d3a00000 - 0x00007ff9d3a0b000 	C:\Windows\SYSTEM32\WINNSI.DLL

VM Arguments:
jvm_args: -Xmx2048m -Dfile.encoding=windows-1252 -Duser.country=ID -Duser.language=en -Duser.variant 
java_command: org.gradle.launcher.daemon.bootstrap.GradleDaemon 6.5
java_class_path (initial): C:\Users\iqbal\.gradle\wrapper\dists\gradle-6.5-bin\6nifqtx7604sqp1q6g8wikw7p\gradle-6.5\lib\gradle-launcher-6.5.jar
Launcher Type: SUN_STANDARD

Environment Variables:
PATH=C:\Program Files (x86)\Common Files\Oracle\Java\javapath;C:\Program Files\Android\Android Studio\jdk-13.0.1;C:\Windows\system32;C:\Windows;C:\Windows\System32\Wbem;C:\Windows\System32\WindowsPowerShell\v1.0\;C:\Windows\System32\OpenSSH\;C:\Program Files (x86)\Microsoft SQL Server\110\Tools\Binn\;C:\Program Files (x86)\Microsoft SQL Server\110\DTS\Binn\;C:\Program Files (x86)\Microsoft SQL Server\150\DTS\Binn\;C:\Program Files\dotnet\;C:\Program Files\Git\cmd;C:\Program Files\Microsoft SQL Server\130\Tools\Binn\;C:\Program Files\Microsoft SQL Server\Client SDK\ODBC\170\Tools\Binn\;C:\Users\iqbal\AppData\Local\Microsoft\WindowsApps;;C:\Users\iqbal\AppData\Local\Programs\Microsoft VS Code\bin
USERNAME=iqbal
OS=Windows_NT
PROCESSOR_IDENTIFIER=AMD64 Family 22 Model 48 Stepping 1, AuthenticAMD



---------------  S Y S T E M  ---------------

OS: Windows 10.0 , 64 bit Build 18362 (10.0.18362.959)

CPU:total 4 (initial active 4) (4 cores per cpu, 1 threads per core) family 22 model 48 stepping 1, cmov, cx8, fxsr, mmx, sse, sse2, sse3, ssse3, sse4.1, sse4.2, popcnt, avx, aes, clmul, mmxext, 3dnowpref, lzcnt, sse4a, tsc, tscinvbit, tscinv, bmi1

Memory: 4k page, physical 7299348k(2762056k free), swap 21870096k(4120k free)

vm_info: OpenJDK 64-Bit Server VM (25.242-b01) for windows-amd64 JRE (1.8.0_242-release-1644-b01), built by "builder" with MS VC++ 10.0 (VS2010)

time: Tue Nov 10 16:57:20 2020
timezone: SE Asia Standard Time
elapsed time: 8 seconds (0d 0h 0m 8s)

