#
# There is insufficient memory for the Java Runtime Environment to continue.
# Native memory allocation (malloc) failed to allocate 1044816 bytes for Chunk::new
# Possible reasons:
#   The system is out of physical RAM or swap space
#   The process is running with CompressedOops enabled, and the Java Heap may be blocking the growth of the native heap
# Possible solutions:
#   Reduce memory load on the system
#   Increase physical memory or swap space
#   Check if swap backing store is full
#   Decrease Java heap size (-Xmx/-Xms)
#   Decrease number of Java threads
#   Decrease Java thread stack sizes (-Xss)
#   Set larger code cache with -XX:ReservedCodeCacheSize=
#   JVM is running with Unscaled Compressed Oops mode in which the Java heap is
#     placed in the first 4GB address space. The Java Heap base address is the
#     maximum limit for the native heap growth. Please use -XX:HeapBaseMinAddress
#     to set the Java Heap base and to place the Java Heap above 4GB virtual address.
# This output file may be truncated or incomplete.
#
#  Out of Memory Error (allocation.cpp:389), pid=5464, tid=0x0000000000001418
#
# JRE version: OpenJDK Runtime Environment (8.0_242-b01) (build 1.8.0_242-release-1644-b01)
# Java VM: OpenJDK 64-Bit Server VM (25.242-b01 mixed mode windows-amd64 compressed oops)
# Failed to write core dump. Minidumps are not enabled by default on client versions of Windows
#

---------------  T H R E A D  ---------------

Current thread (0x0000000017476000):  JavaThread "C2 CompilerThread0" daemon [_thread_in_native, id=5144, stack(0x0000000018ac0000,0x0000000018bc0000)]

Stack: [0x0000000018ac0000,0x0000000018bc0000]
[error occurred during error reporting (printing stack bounds), id 0xc0000005]

Native frames: (J=compiled Java code, j=interpreted, Vv=VM code, C=native code)


Current CompileTask:
C2:  37516 4797   !   4       com.sun.beans.TypeResolver::resolve (274 bytes)


---------------  P R O C E S S  ---------------

Java Threads: ( => current thread )
  0x0000000019114000 JavaThread "Cache worker for Build Output Cleanup Cache (G:\Magang\Projectjss2\.gradle\buildOutputCleanup)" [_thread_blocked, id=1244, stack(0x00000000271d0000,0x00000000272d0000)]
  0x0000000019111000 JavaThread "jar transforms Thread 94" [_thread_blocked, id=9196, stack(0x0000000026ed0000,0x0000000026fd0000)]
  0x0000000019110800 JavaThread "jar transforms Thread 93" [_thread_blocked, id=12308, stack(0x0000000026dd0000,0x0000000026ed0000)]
  0x0000000019113800 JavaThread "jar transforms Thread 92" [_thread_blocked, id=3232, stack(0x0000000026cd0000,0x0000000026dd0000)]
  0x0000000019112800 JavaThread "jar transforms Thread 91" [_thread_blocked, id=11068, stack(0x0000000026bd0000,0x0000000026cd0000)]
  0x0000000019109000 JavaThread "jar transforms Thread 90" [_thread_blocked, id=4632, stack(0x0000000026ad0000,0x0000000026bd0000)]
  0x000000001910f800 JavaThread "jar transforms Thread 89" [_thread_blocked, id=9956, stack(0x00000000269d0000,0x0000000026ad0000)]
  0x0000000019108000 JavaThread "jar transforms Thread 88" [_thread_blocked, id=10980, stack(0x00000000268d0000,0x00000000269d0000)]
  0x000000001910d800 JavaThread "jar transforms Thread 87" [_thread_blocked, id=13036, stack(0x00000000267d0000,0x00000000268d0000)]
  0x000000001910f000 JavaThread "jar transforms Thread 86" [_thread_blocked, id=2508, stack(0x00000000266d0000,0x00000000267d0000)]
  0x000000001910c000 JavaThread "jar transforms Thread 85" [_thread_blocked, id=11876, stack(0x00000000265d0000,0x00000000266d0000)]
  0x000000001910b000 JavaThread "jar transforms Thread 84" [_thread_blocked, id=6164, stack(0x00000000264d0000,0x00000000265d0000)]
  0x000000001910a800 JavaThread "jar transforms Thread 83" [_thread_blocked, id=764, stack(0x00000000263d0000,0x00000000264d0000)]
  0x0000000019107800 JavaThread "jar transforms Thread 82" [_thread_blocked, id=10772, stack(0x00000000262d0000,0x00000000263d0000)]
  0x000000001910e000 JavaThread "jar transforms Thread 81" [_thread_blocked, id=1756, stack(0x00000000261d0000,0x00000000262d0000)]
  0x000000001910c800 JavaThread "jar transforms Thread 80" [_thread_blocked, id=1892, stack(0x00000000260d0000,0x00000000261d0000)]
  0x0000000019109800 JavaThread "jar transforms Thread 79" [_thread_blocked, id=6064, stack(0x0000000025fd0000,0x00000000260d0000)]
  0x000000001b898800 JavaThread "jar transforms Thread 78" [_thread_blocked, id=10724, stack(0x0000000025ed0000,0x0000000025fd0000)]
  0x000000001b894800 JavaThread "jar transforms Thread 77" [_thread_blocked, id=9992, stack(0x0000000025dd0000,0x0000000025ed0000)]
  0x000000001b897000 JavaThread "jar transforms Thread 76" [_thread_blocked, id=9904, stack(0x0000000025cd0000,0x0000000025dd0000)]
  0x000000001b895800 JavaThread "jar transforms Thread 75" [_thread_blocked, id=11228, stack(0x0000000025bd0000,0x0000000025cd0000)]
  0x000000001b899000 JavaThread "jar transforms Thread 74" [_thread_blocked, id=13148, stack(0x0000000025ad0000,0x0000000025bd0000)]
  0x000000001b892800 JavaThread "jar transforms Thread 73" [_thread_blocked, id=10156, stack(0x00000000259d0000,0x0000000025ad0000)]
  0x000000001b896000 JavaThread "jar transforms Thread 72" [_thread_blocked, id=11388, stack(0x00000000258d0000,0x00000000259d0000)]
  0x000000001b893000 JavaThread "jar transforms Thread 71" [_thread_blocked, id=5316, stack(0x00000000257d0000,0x00000000258d0000)]
  0x000000001b897800 JavaThread "jar transforms Thread 70" [_thread_blocked, id=5312, stack(0x00000000256d0000,0x00000000257d0000)]
  0x000000001b894000 JavaThread "jar transforms Thread 69" [_thread_blocked, id=7216, stack(0x00000000255d0000,0x00000000256d0000)]
  0x000000001b88b000 JavaThread "jar transforms Thread 68" [_thread_blocked, id=10412, stack(0x00000000254d0000,0x00000000255d0000)]
  0x000000001b891800 JavaThread "jar transforms Thread 67" [_thread_blocked, id=13300, stack(0x00000000253d0000,0x00000000254d0000)]
  0x000000001b88a000 JavaThread "jar transforms Thread 66" [_thread_blocked, id=8816, stack(0x00000000252d0000,0x00000000253d0000)]
  0x000000001b88e000 JavaThread "jar transforms Thread 65" [_thread_blocked, id=11356, stack(0x00000000251d0000,0x00000000252d0000)]
  0x000000001b88b800 JavaThread "jar transforms Thread 64" [_thread_blocked, id=4620, stack(0x00000000250d0000,0x00000000251d0000)]
  0x000000001b88d000 JavaThread "jar transforms Thread 63" [_thread_blocked, id=12160, stack(0x0000000024fd0000,0x00000000250d0000)]
  0x000000001b891000 JavaThread "jar transforms Thread 62" [_thread_blocked, id=9516, stack(0x0000000024ed0000,0x0000000024fd0000)]
  0x000000001b890000 JavaThread "jar transforms Thread 61" [_thread_blocked, id=11840, stack(0x0000000024dd0000,0x0000000024ed0000)]
  0x000000001b88c800 JavaThread "jar transforms Thread 60" [_thread_blocked, id=3168, stack(0x0000000024cd0000,0x0000000024dd0000)]
  0x000000001b88f800 JavaThread "jar transforms Thread 59" [_thread_blocked, id=12608, stack(0x0000000024bd0000,0x0000000024cd0000)]
  0x000000001b88e800 JavaThread "jar transforms Thread 58" [_thread_blocked, id=7636, stack(0x0000000024ad0000,0x0000000024bd0000)]
  0x000000001dffa800 JavaThread "jar transforms Thread 57" [_thread_blocked, id=2988, stack(0x00000000249d0000,0x0000000024ad0000)]
  0x000000001dffc000 JavaThread "jar transforms Thread 56" [_thread_blocked, id=9092, stack(0x00000000248d0000,0x00000000249d0000)]
  0x000000001dffc800 JavaThread "jar transforms Thread 55" [_thread_blocked, id=10008, stack(0x00000000247d0000,0x00000000248d0000)]
  0x000000001dffe000 JavaThread "jar transforms Thread 54" [_thread_blocked, id=3756, stack(0x00000000246d0000,0x00000000247d0000)]
  0x000000001dffb000 JavaThread "jar transforms Thread 53" [_thread_blocked, id=12700, stack(0x00000000245d0000,0x00000000246d0000)]
  0x000000001dffd800 JavaThread "jar transforms Thread 52" [_thread_blocked, id=12048, stack(0x00000000244d0000,0x00000000245d0000)]
  0x000000001dff3000 JavaThread "jar transforms Thread 51" [_thread_blocked, id=2456, stack(0x00000000243d0000,0x00000000244d0000)]
  0x000000001dff9800 JavaThread "jar transforms Thread 50" [_thread_blocked, id=2656, stack(0x00000000242d0000,0x00000000243d0000)]
  0x000000001dff2000 JavaThread "jar transforms Thread 49" [_thread_blocked, id=1672, stack(0x00000000241d0000,0x00000000242d0000)]
  0x000000001dff9000 JavaThread "jar transforms Thread 48" [_thread_blocked, id=5488, stack(0x00000000240d0000,0x00000000241d0000)]
  0x000000001dff8000 JavaThread "jar transforms Thread 47" [_thread_blocked, id=12868, stack(0x0000000023fd0000,0x00000000240d0000)]
  0x000000001dff6800 JavaThread "jar transforms Thread 46" [_thread_blocked, id=1132, stack(0x0000000023ed0000,0x0000000023fd0000)]
  0x000000001dff7800 JavaThread "jar transforms Thread 45" [_thread_blocked, id=4468, stack(0x0000000023dd0000,0x0000000023ed0000)]
  0x000000001dfef000 JavaThread "jar transforms Thread 44" [_thread_blocked, id=11700, stack(0x0000000023cd0000,0x0000000023dd0000)]
  0x000000001dff0000 JavaThread "jar transforms Thread 43" [_thread_blocked, id=12020, stack(0x0000000023bd0000,0x0000000023cd0000)]
  0x000000001dff1800 JavaThread "jar transforms Thread 42" [_thread_blocked, id=9968, stack(0x0000000023ad0000,0x0000000023bd0000)]
  0x000000001dff4800 JavaThread "jar transforms Thread 41" [_thread_blocked, id=9412, stack(0x00000000239d0000,0x0000000023ad0000)]
  0x000000001dff0800 JavaThread "jar transforms Thread 40" [_thread_blocked, id=12776, stack(0x00000000238d0000,0x00000000239d0000)]
  0x000000001dff3800 JavaThread "jar transforms Thread 39" [_thread_blocked, id=2504, stack(0x00000000237d0000,0x00000000238d0000)]
  0x000000001dff5000 JavaThread "jar transforms Thread 38" [_thread_blocked, id=2276, stack(0x00000000236d0000,0x00000000237d0000)]
  0x000000001dff6000 JavaThread "jar transforms Thread 37" [_thread_blocked, id=11520, stack(0x00000000235d0000,0x00000000236d0000)]
  0x000000001d7c7800 JavaThread "jar transforms Thread 36" [_thread_blocked, id=7196, stack(0x00000000234d0000,0x00000000235d0000)]
  0x000000001d7c6800 JavaThread "jar transforms Thread 35" [_thread_blocked, id=10360, stack(0x00000000233d0000,0x00000000234d0000)]
  0x000000001d7c4800 JavaThread "jar transforms Thread 34" [_thread_blocked, id=10948, stack(0x00000000232d0000,0x00000000233d0000)]
  0x000000001d7c3800 JavaThread "jar transforms Thread 33" [_thread_blocked, id=12760, stack(0x00000000231d0000,0x00000000232d0000)]
  0x000000001d7c3000 JavaThread "jar transforms Thread 32" [_thread_blocked, id=1292, stack(0x00000000230d0000,0x00000000231d0000)]
  0x000000001d7c2000 JavaThread "jar transforms Thread 31" [_thread_blocked, id=4748, stack(0x0000000022fd0000,0x00000000230d0000)]
  0x000000001d7c5000 JavaThread "jar transforms Thread 30" [_thread_blocked, id=13240, stack(0x0000000022ed0000,0x0000000022fd0000)]
  0x000000001d7c1800 JavaThread "jar transforms Thread 29" [_thread_blocked, id=1520, stack(0x0000000022dd0000,0x0000000022ed0000)]
  0x000000001d7c6000 JavaThread "jar transforms Thread 28" [_thread_blocked, id=11384, stack(0x0000000022cd0000,0x0000000022dd0000)]
  0x000000001d7b9800 JavaThread "jar transforms Thread 27" [_thread_blocked, id=5244, stack(0x0000000022bd0000,0x0000000022cd0000)]
  0x000000001d7c0800 JavaThread "jar transforms Thread 26" [_thread_blocked, id=2952, stack(0x0000000022ad0000,0x0000000022bd0000)]
  0x000000001d7b9000 JavaThread "jar transforms Thread 25" [_thread_blocked, id=8812, stack(0x00000000229d0000,0x0000000022ad0000)]
  0x000000001d7c0000 JavaThread "jar transforms Thread 24" [_thread_blocked, id=13276, stack(0x00000000228d0000,0x00000000229d0000)]
  0x000000001d7bf000 JavaThread "jar transforms Thread 23" [_thread_blocked, id=4444, stack(0x00000000227d0000,0x00000000228d0000)]
  0x000000001d7bd800 JavaThread "jar transforms Thread 22" [_thread_blocked, id=2060, stack(0x00000000226d0000,0x00000000227d0000)]
  0x000000001d7ba800 JavaThread "jar transforms Thread 21" [_thread_blocked, id=10800, stack(0x00000000225d0000,0x00000000226d0000)]
  0x000000001d7be800 JavaThread "jar transforms Thread 20" [_thread_blocked, id=4760, stack(0x00000000224d0000,0x00000000225d0000)]
  0x000000001d7bc000 JavaThread "jar transforms Thread 19" [_thread_blocked, id=12412, stack(0x00000000223d0000,0x00000000224d0000)]
  0x000000001d7b8000 JavaThread "jar transforms Thread 18" [_thread_blocked, id=6656, stack(0x00000000222d0000,0x00000000223d0000)]
  0x000000001d7bc800 JavaThread "jar transforms Thread 17" [_thread_blocked, id=9132, stack(0x00000000221d0000,0x00000000222d0000)]
  0x000000001d7bb000 JavaThread "jar transforms Thread 16" [_thread_blocked, id=12648, stack(0x00000000220d0000,0x00000000221d0000)]
  0x0000000019ea2800 JavaThread "jar transforms Thread 15" [_thread_blocked, id=7156, stack(0x0000000021fd0000,0x00000000220d0000)]
  0x0000000019ea1800 JavaThread "jar transforms Thread 14" [_thread_blocked, id=11760, stack(0x0000000021ed0000,0x0000000021fd0000)]
  0x0000000019ea1000 JavaThread "jar transforms Thread 13" [_thread_blocked, id=11448, stack(0x0000000021dd0000,0x0000000021ed0000)]
  0x0000000019e99800 JavaThread "jar transforms Thread 12" [_thread_blocked, id=3748, stack(0x0000000021cd0000,0x0000000021dd0000)]
  0x0000000019ea0000 JavaThread "jar transforms Thread 11" [_thread_blocked, id=12664, stack(0x0000000021ad0000,0x0000000021bd0000)]
  0x0000000019e9e800 JavaThread "jar transforms Thread 10" [_thread_blocked, id=11752, stack(0x00000000219d0000,0x0000000021ad0000)]
  0x0000000019e98800 JavaThread "jar transforms Thread 9" [_thread_blocked, id=7456, stack(0x00000000218d0000,0x00000000219d0000)]
  0x0000000019e9e000 JavaThread "jar transforms Thread 8" [_thread_blocked, id=9320, stack(0x00000000217d0000,0x00000000218d0000)]
  0x0000000019e9f800 JavaThread "jar transforms Thread 7" [_thread_blocked, id=11084, stack(0x00000000216d0000,0x00000000217d0000)]
  0x0000000019e9d000 JavaThread "jar transforms Thread 6" [_thread_blocked, id=11640, stack(0x00000000215d0000,0x00000000216d0000)]
  0x0000000019e9b800 JavaThread "jar transforms Thread 5" [_thread_blocked, id=10820, stack(0x00000000214d0000,0x00000000215d0000)]
  0x0000000019e9c800 JavaThread "jar transforms Thread 4" [_thread_blocked, id=7244, stack(0x00000000213d0000,0x00000000214d0000)]
  0x0000000019e9b000 JavaThread "jar transforms Thread 3" [_thread_blocked, id=9584, stack(0x00000000212d0000,0x00000000213d0000)]
  0x0000000019e93800 JavaThread "jar transforms Thread 2" [_thread_blocked, id=6264, stack(0x00000000211d0000,0x00000000212d0000)]
  0x0000000019e97000 JavaThread "Build operations Thread 4" [_thread_blocked, id=12136, stack(0x00000000210d0000,0x00000000211d0000)]
  0x0000000019e96800 JavaThread "Build operations Thread 3" [_thread_blocked, id=10524, stack(0x0000000020fd0000,0x00000000210d0000)]
  0x0000000019e9a000 JavaThread "Build operations Thread 2" [_thread_blocked, id=6884, stack(0x0000000020ed0000,0x0000000020fd0000)]
  0x0000000019e95800 JavaThread "Build operations" [_thread_blocked, id=1028, stack(0x0000000020dd0000,0x0000000020ed0000)]
  0x000000001a085000 JavaThread "Cache worker for file content cache (C:\Users\iqbal\.gradle\caches\6.5\fileContent)" [_thread_blocked, id=8516, stack(0x00000000206d0000,0x00000000207d0000)]
  0x000000001a087000 JavaThread "jar transforms" [_thread_blocked, id=12500, stack(0x00000000205d0000,0x00000000206d0000)]
  0x000000001a088000 JavaThread "Cache worker for execution history cache (C:\Users\iqbal\.gradle\caches\6.5\executionHistory)" [_thread_blocked, id=6248, stack(0x000000001fed0000,0x000000001ffd0000)]
  0x000000001a084000 JavaThread "Cache worker for cache directory md-rule (C:\Users\iqbal\.gradle\caches\6.5\md-rule)" [_thread_blocked, id=8956, stack(0x000000001fdd0000,0x000000001fed0000)]
  0x000000001a086800 JavaThread "Cache worker for cache directory md-supplier (C:\Users\iqbal\.gradle\caches\6.5\md-supplier)" [_thread_blocked, id=9000, stack(0x000000001fcd0000,0x000000001fdd0000)]
  0x000000001a082800 JavaThread "Cache worker for checksums cache (G:\Magang\Projectjss2\.gradle\checksums)" [_thread_blocked, id=9284, stack(0x000000001fbd0000,0x000000001fcd0000)]
  0x000000001a082000 JavaThread "Cache worker for file hash cache (G:\Magang\Projectjss2\.gradle\6.5\fileHashes)" [_thread_blocked, id=2032, stack(0x000000001e6b0000,0x000000001e7b0000)]
  0x000000001a081000 JavaThread "Cache worker for file hash cache (C:\Users\iqbal\.gradle\caches\6.5\fileHashes)" [_thread_blocked, id=10316, stack(0x000000001d3e0000,0x000000001d4e0000)]
  0x000000001a083800 JavaThread "File lock request listener" [_thread_in_native, id=7700, stack(0x000000001d2e0000,0x000000001d3e0000)]
  0x00000000199c4800 JavaThread "Cache worker for journal cache (C:\Users\iqbal\.gradle\caches\journal-1)" [_thread_blocked, id=4204, stack(0x000000001d1e0000,0x000000001d2e0000)]
  0x000000001900c000 JavaThread "Thread-9" [_thread_blocked, id=10668, stack(0x000000001cee0000,0x000000001cfe0000)]
  0x000000001900b800 JavaThread "Stdin handler" [_thread_blocked, id=12492, stack(0x000000001cde0000,0x000000001cee0000)]
  0x000000001919c000 JavaThread "Asynchronous log dispatcher for DefaultDaemonConnection: socket connection from /127.0.0.1:55500 to /127.0.0.1:55501" [_thread_blocked, id=9140, stack(0x000000001cce0000,0x000000001cde0000)]
  0x0000000019a61000 JavaThread "Daemon worker" [_thread_in_vm, id=456, stack(0x000000001cbe0000,0x000000001cce0000)]
  0x0000000019a60000 JavaThread "Cancel handler" [_thread_blocked, id=13040, stack(0x000000001cae0000,0x000000001cbe0000)]
  0x000000001a251000 JavaThread "Handler for socket connection from /127.0.0.1:55500 to /127.0.0.1:55501" [_thread_in_native, id=12704, stack(0x000000001c9e0000,0x000000001cae0000)]
  0x000000001a250800 JavaThread "Daemon" [_thread_blocked, id=10992, stack(0x000000001c8e0000,0x000000001c9e0000)]
  0x000000001a23a000 JavaThread "Daemon periodic checks" [_thread_blocked, id=11180, stack(0x000000001c5e0000,0x000000001c6e0000)]
  0x0000000018fef000 JavaThread "Incoming local TCP Connector on port 55500" [_thread_in_native, id=5756, stack(0x000000001c3a0000,0x000000001c4a0000)]
  0x000000001ac46800 JavaThread "Daemon health stats" [_thread_blocked, id=12172, stack(0x000000001bd60000,0x000000001be60000)]
  0x0000000018df0800 JavaThread "Service Thread" daemon [_thread_blocked, id=3736, stack(0x00000000191c0000,0x00000000192c0000)]
  0x0000000017484000 JavaThread "C1 CompilerThread2" daemon [_thread_blocked, id=12912, stack(0x0000000018cc0000,0x0000000018dc0000)]
  0x0000000017479000 JavaThread "C2 CompilerThread1" daemon [_thread_in_native, id=9120, stack(0x0000000018bc0000,0x0000000018cc0000)]
=>0x0000000017476000 JavaThread "C2 CompilerThread0" daemon [_thread_in_native, id=5144, stack(0x0000000018ac0000,0x0000000018bc0000)]
  0x0000000017474000 JavaThread "Attach Listener" daemon [_thread_blocked, id=11588, stack(0x00000000189c0000,0x0000000018ac0000)]
  0x0000000017471000 JavaThread "Signal Dispatcher" daemon [_thread_blocked, id=11684, stack(0x00000000188c0000,0x00000000189c0000)]
  0x000000000275b000 JavaThread "Finalizer" daemon [_thread_blocked, id=10528, stack(0x00000000186c0000,0x00000000187c0000)]
  0x0000000017459000 JavaThread "Reference Handler" daemon [_thread_blocked, id=11316, stack(0x00000000185c0000,0x00000000186c0000)]
  0x000000000284e000 JavaThread "main" [_thread_blocked, id=416, stack(0x0000000002550000,0x0000000002650000)]

Other Threads:
  0x0000000017436800 VMThread [stack: 0x00000000184c0000,0x00000000185c0000] [id=9932]
  0x00000000174cc000 WatcherThread [stack: 0x00000000192c0000,0x00000000193c0000] [id=6808]

VM state:not at safepoint (normal execution)

VM Mutex/Monitor currently owned by a thread: None

heap address: 0x0000000080000000, size: 2048 MB, Compressed Oops mode: 32-bit
Narrow klass base: 0x0000000000000000, Narrow klass shift: 3
Compressed class space size: 1073741824 Address: 0x0000000100000000

Heap:
 PSYoungGen      total 151552K, used 38617K [0x00000000d5580000, 0x00000000e2000000, 0x0000000100000000)
  eden space 139776K, 19% used [0x00000000d5580000,0x00000000d6fbc800,0x00000000dde00000)
  from space 11776K, 99% used [0x00000000dde00000,0x00000000de979cd8,0x00000000de980000)
  to   space 16896K, 0% used [0x00000000e0f80000,0x00000000e0f80000,0x00000000e2000000)
 ParOldGen       total 67584K, used 24758K [0x0000000080000000, 0x0000000084200000, 0x00000000d5580000)
  object space 67584K, 36% used [0x0000000080000000,0x000000008182d980,0x0000000084200000)
 Metaspace       used 51043K, capacity 53082K, committed 53336K, reserved 1095680K
  class space    used 6821K, capacity 7237K, committed 7296K, reserved 1048576K

Card table byte_map: [0x0000000011c10000,0x0000000012020000] byte_map_base: 0x0000000011810000

Marking Bits: (ParMarkBitMap*) 0x0000000062d8f030
 Begin Bits: [0x00000000126d0000, 0x00000000146d0000)
 End Bits:   [0x00000000146d0000, 0x00000000166d0000)

Polling page: 0x0000000000960000

CodeCache: size=245760Kb used=15459Kb max_used=15459Kb free=230300Kb
 bounds [0x0000000002850000, 0x0000000003780000, 0x0000000011850000]
 total_blobs=5236 nmethods=4475 adapters=674
 compilation: enabled

Compilation events (10 events):
Event: 37.371 Thread 0x0000000017484000 4817       3       org.gradle.api.internal.collections.AbstractIterationOrderRetainingElementSource$RealizedElementCollectionIterator::updateNext (157 bytes)
Event: 37.373 Thread 0x0000000017484000 nmethod 4817 0x00000000037676d0 code [0x0000000003767920, 0x0000000003768738]
Event: 37.373 Thread 0x0000000017484000 4818       3       org.gradle.api.internal.collections.AbstractIterationOrderRetainingElementSource$RealizedElementCollectionIterator::hasNext (13 bytes)
Event: 37.374 Thread 0x0000000017484000 nmethod 4818 0x0000000003767350 code [0x00000000037674a0, 0x0000000003767650]
Event: 37.378 Thread 0x0000000017484000 4819       1       org.gradle.internal.metaobject.BeanDynamicObject::access$500 (5 bytes)
Event: 37.378 Thread 0x0000000017484000 nmethod 4819 0x0000000003767090 code [0x00000000037671e0, 0x00000000037672d0]
Event: 37.379 Thread 0x0000000017484000 4820       3       org.gradle.internal.metaobject.DynamicInvokeResult::isFound (16 bytes)
Event: 37.379 Thread 0x0000000017484000 nmethod 4820 0x0000000003766d10 code [0x0000000003766e60, 0x0000000003767010]
Event: 37.379 Thread 0x0000000017484000 4821       1       groovy.lang.MetaClassImpl::getTheClass (5 bytes)
Event: 37.379 Thread 0x0000000017484000 nmethod 4821 0x0000000003766a50 code [0x0000000003766ba0, 0x0000000003766cb0]

GC Heap History (10 events):
Event: 21.184 GC heap before
{Heap before GC invocations=9 (full 1):
 PSYoungGen      total 66560K, used 61062K [0x00000000d5580000, 0x00000000dcc80000, 0x0000000100000000)
  eden space 55296K, 100% used [0x00000000d5580000,0x00000000d8b80000,0x00000000d8b80000)
  from space 11264K, 51% used [0x00000000d8b80000,0x00000000d9121958,0x00000000d9680000)
  to   space 10752K, 0% used [0x00000000dc200000,0x00000000dc200000,0x00000000dcc80000)
 ParOldGen       total 48640K, used 8792K [0x0000000080000000, 0x0000000082f80000, 0x00000000d5580000)
  object space 48640K, 18% used [0x0000000080000000,0x0000000080896338,0x0000000082f80000)
 Metaspace       used 32122K, capacity 33140K, committed 33408K, reserved 1077248K
  class space    used 4374K, capacity 4643K, committed 4736K, reserved 1048576K
Event: 21.205 GC heap after
Heap after GC invocations=9 (full 1):
 PSYoungGen      total 109056K, used 8577K [0x00000000d5580000, 0x00000000dcc00000, 0x0000000100000000)
  eden space 98816K, 0% used [0x00000000d5580000,0x00000000d5580000,0x00000000db600000)
  from space 10240K, 83% used [0x00000000dc200000,0x00000000dca60590,0x00000000dcc00000)
  to   space 11264K, 0% used [0x00000000db600000,0x00000000db600000,0x00000000dc100000)
 ParOldGen       total 48640K, used 8800K [0x0000000080000000, 0x0000000082f80000, 0x00000000d5580000)
  object space 48640K, 18% used [0x0000000080000000,0x0000000080898338,0x0000000082f80000)
 Metaspace       used 32122K, capacity 33140K, committed 33408K, reserved 1077248K
  class space    used 4374K, capacity 4643K, committed 4736K, reserved 1048576K
}
Event: 23.975 GC heap before
{Heap before GC invocations=10 (full 1):
 PSYoungGen      total 109056K, used 60733K [0x00000000d5580000, 0x00000000dcc00000, 0x0000000100000000)
  eden space 98816K, 52% used [0x00000000d5580000,0x00000000d886eff8,0x00000000db600000)
  from space 10240K, 83% used [0x00000000dc200000,0x00000000dca60590,0x00000000dcc00000)
  to   space 11264K, 0% used [0x00000000db600000,0x00000000db600000,0x00000000dc100000)
 ParOldGen       total 48640K, used 8800K [0x0000000080000000, 0x0000000082f80000, 0x00000000d5580000)
  object space 48640K, 18% used [0x0000000080000000,0x0000000080898338,0x0000000082f80000)
 Metaspace       used 34244K, capacity 35380K, committed 35416K, reserved 1079296K
  class space    used 4705K, capacity 4969K, committed 4992K, reserved 1048576K
Event: 24.002 GC heap after
Heap after GC invocations=10 (full 1):
 PSYoungGen      total 110080K, used 8657K [0x00000000d5580000, 0x00000000df880000, 0x0000000100000000)
  eden space 98816K, 0% used [0x00000000d5580000,0x00000000d5580000,0x00000000db600000)
  from space 11264K, 76% used [0x00000000db600000,0x00000000dbe74678,0x00000000dc100000)
  to   space 11776K, 0% used [0x00000000ded00000,0x00000000ded00000,0x00000000df880000)
 ParOldGen       total 48640K, used 8808K [0x0000000080000000, 0x0000000082f80000, 0x00000000d5580000)
  object space 48640K, 18% used [0x0000000080000000,0x000000008089a338,0x0000000082f80000)
 Metaspace       used 34244K, capacity 35380K, committed 35416K, reserved 1079296K
  class space    used 4705K, capacity 4969K, committed 4992K, reserved 1048576K
}
Event: 24.002 GC heap before
{Heap before GC invocations=11 (full 2):
 PSYoungGen      total 110080K, used 8657K [0x00000000d5580000, 0x00000000df880000, 0x0000000100000000)
  eden space 98816K, 0% used [0x00000000d5580000,0x00000000d5580000,0x00000000db600000)
  from space 11264K, 76% used [0x00000000db600000,0x00000000dbe74678,0x00000000dc100000)
  to   space 11776K, 0% used [0x00000000ded00000,0x00000000ded00000,0x00000000df880000)
 ParOldGen       total 48640K, used 8808K [0x0000000080000000, 0x0000000082f80000, 0x00000000d5580000)
  object space 48640K, 18% used [0x0000000080000000,0x000000008089a338,0x0000000082f80000)
 Metaspace       used 34244K, capacity 35380K, committed 35416K, reserved 1079296K
  class space    used 4705K, capacity 4969K, committed 4992K, reserved 1048576K
Event: 24.205 GC heap after
Heap after GC invocations=11 (full 2):
 PSYoungGen      total 110080K, used 0K [0x00000000d5580000, 0x00000000df880000, 0x0000000100000000)
  eden space 98816K, 0% used [0x00000000d5580000,0x00000000d5580000,0x00000000db600000)
  from space 11264K, 0% used [0x00000000db600000,0x00000000db600000,0x00000000dc100000)
  to   space 11776K, 0% used [0x00000000ded00000,0x00000000ded00000,0x00000000df880000)
 ParOldGen       total 67584K, used 15072K [0x0000000080000000, 0x0000000084200000, 0x00000000d5580000)
  object space 67584K, 22% used [0x0000000080000000,0x0000000080eb8178,0x0000000084200000)
 Metaspace       used 34244K, capacity 35380K, committed 35416K, reserved 1079296K
  class space    used 4705K, capacity 4969K, committed 4992K, reserved 1048576K
}
Event: 27.929 GC heap before
{Heap before GC invocations=12 (full 2):
 PSYoungGen      total 110080K, used 98816K [0x00000000d5580000, 0x00000000df880000, 0x0000000100000000)
  eden space 98816K, 100% used [0x00000000d5580000,0x00000000db600000,0x00000000db600000)
  from space 11264K, 0% used [0x00000000db600000,0x00000000db600000,0x00000000dc100000)
  to   space 11776K, 0% used [0x00000000ded00000,0x00000000ded00000,0x00000000df880000)
 ParOldGen       total 67584K, used 15072K [0x0000000080000000, 0x0000000084200000, 0x00000000d5580000)
  object space 67584K, 22% used [0x0000000080000000,0x0000000080eb8178,0x0000000084200000)
 Metaspace       used 37603K, capacity 39148K, committed 39384K, reserved 1083392K
  class space    used 5170K, capacity 5527K, committed 5632K, reserved 1048576K
Event: 27.957 GC heap after
Heap after GC invocations=12 (full 2):
 PSYoungGen      total 140288K, used 7857K [0x00000000d5580000, 0x00000000df500000, 0x0000000100000000)
  eden space 132096K, 0% used [0x00000000d5580000,0x00000000d5580000,0x00000000dd680000)
  from space 8192K, 95% used [0x00000000ded00000,0x00000000df4ac408,0x00000000df500000)
  to   space 11776K, 0% used [0x00000000dde00000,0x00000000dde00000,0x00000000de980000)
 ParOldGen       total 67584K, used 15080K [0x0000000080000000, 0x0000000084200000, 0x00000000d5580000)
  object space 67584K, 22% used [0x0000000080000000,0x0000000080eba178,0x0000000084200000)
 Metaspace       used 37603K, capacity 39148K, committed 39384K, reserved 1083392K
  class space    used 5170K, capacity 5527K, committed 5632K, reserved 1048576K
}
Event: 35.705 GC heap before
{Heap before GC invocations=13 (full 2):
 PSYoungGen      total 140288K, used 139953K [0x00000000d5580000, 0x00000000df500000, 0x0000000100000000)
  eden space 132096K, 100% used [0x00000000d5580000,0x00000000dd680000,0x00000000dd680000)
  from space 8192K, 95% used [0x00000000ded00000,0x00000000df4ac408,0x00000000df500000)
  to   space 11776K, 0% used [0x00000000dde00000,0x00000000dde00000,0x00000000de980000)
 ParOldGen       total 67584K, used 15080K [0x0000000080000000, 0x0000000084200000, 0x00000000d5580000)
  object space 67584K, 22% used [0x0000000080000000,0x0000000080eba178,0x0000000084200000)
 Metaspace       used 50821K, capacity 52782K, committed 52952K, reserved 1095680K
  class space    used 6782K, capacity 7161K, committed 7168K, reserved 1048576K
Event: 35.764 GC heap after
Heap after GC invocations=13 (full 2):
 PSYoungGen      total 151552K, used 11751K [0x00000000d5580000, 0x00000000e2000000, 0x0000000100000000)
  eden space 139776K, 0% used [0x00000000d5580000,0x00000000d5580000,0x00000000dde00000)
  from space 11776K, 99% used [0x00000000dde00000,0x00000000de979cd8,0x00000000de980000)
  to   space 16896K, 0% used [0x00000000e0f80000,0x00000000e0f80000,0x00000000e2000000)
 ParOldGen       total 67584K, used 24758K [0x0000000080000000, 0x0000000084200000, 0x00000000d5580000)
  object space 67584K, 36% used [0x0000000080000000,0x000000008182d980,0x0000000084200000)
 Metaspace       used 50821K, capacity 52782K, committed 52952K, reserved 1095680K
  class space    used 6782K, capacity 7161K, committed 7168K, reserved 1048576K
}

Deoptimization events (10 events):
Event: 33.572 Thread 0x0000000019a61000 Uncommon trap: reason=unstable_if action=reinterpret pc=0x00000000031c2764 method=org.gradle.internal.reflect.PropertyAccessorType.of(Ljava/lang/reflect/Method;)Lorg/gradle/internal/reflect/PropertyAccessorType; @ 56
Event: 34.950 Thread 0x0000000019a61000 Uncommon trap: reason=unstable_if action=reinterpret pc=0x0000000002d6bef4 method=com.sun.org.apache.xerces.internal.impl.XMLEntityScanner.checkBeforeLoad(Lcom/sun/xml/internal/stream/Entity$ScannedEntity;II)I @ 18
Event: 35.204 Thread 0x0000000019a61000 Uncommon trap: reason=unstable_if action=reinterpret pc=0x00000000034ef5ec method=org.gradle.internal.instantiation.generator.AbstractClassGenerator$InjectionAnnotationValidator.validateMethod(Ljava/lang/reflect/Method;Lorg/gradle/internal/reflect/Propert
Event: 35.204 Thread 0x0000000019a61000 Uncommon trap: reason=unstable_if action=reinterpret pc=0x000000000350fd1c method=org.gradle.internal.instantiation.generator.AbstractClassGenerator$InjectionAnnotationValidator.validateMethod(Ljava/lang/reflect/Method;Lorg/gradle/internal/reflect/Propert
Event: 35.360 Thread 0x0000000019a61000 Uncommon trap: reason=unstable_if action=reinterpret pc=0x0000000003455ef8 method=org.codehaus.groovy.runtime.metaclass.MetaMethodIndex.isNonRealMethod(Lgroovy/lang/MetaMethod;)Z @ 4
Event: 35.361 Thread 0x0000000019a61000 Uncommon trap: reason=unstable_if action=reinterpret pc=0x00000000031ffd7c method=groovy.lang.MetaClassImpl$1MOPIter.methodNameAction(Ljava/lang/Class;Lorg/codehaus/groovy/runtime/metaclass/MetaMethodIndex$Entry;)V @ 182
Event: 35.399 Thread 0x0000000019a61000 Uncommon trap: reason=class_check action=maybe_recompile pc=0x0000000002f31bbc method=java.util.WeakHashMap.eq(Ljava/lang/Object;Ljava/lang/Object;)Z @ 7
Event: 35.407 Thread 0x0000000019a61000 Uncommon trap: reason=unstable_if action=reinterpret pc=0x00000000035a72fc method=java.lang.ClassLoader.checkCerts(Ljava/lang/String;Ljava/security/CodeSource;)V @ 29
Event: 35.408 Thread 0x0000000019a61000 Uncommon trap: reason=unstable_if action=reinterpret pc=0x00000000035871a8 method=java.lang.ClassLoader.postDefineClass(Ljava/lang/Class;Ljava/security/ProtectionDomain;)V @ 4
Event: 35.869 Thread 0x0000000019a61000 Uncommon trap: reason=null_check action=make_not_entrant pc=0x0000000002f902d0 method=java.lang.Class.searchMethods([Ljava/lang/reflect/Method;Ljava/lang/String;[Ljava/lang/Class;)Ljava/lang/reflect/Method; @ 59

Classes redefined (0 events):
No events

Internal exceptions (10 events):
Event: 36.987 Thread 0x0000000019a61000 Exception <a 'java/lang/ClassNotFoundException': build_6qrpy88zdbugrwi9mh8acabxm$_run_closure1BeanInfo> (0x00000000d6771710) thrown at [C:\src\AOSP-openjdk-git\hotspot\src\share\vm\classfile\systemDictionary.cpp, line 210]
Event: 36.989 Thread 0x0000000019a61000 Exception <a 'java/lang/ClassNotFoundException': build_6qrpy88zdbugrwi9mh8acabxm$_run_closure1Customizer> (0x00000000d67827c8) thrown at [C:\src\AOSP-openjdk-git\hotspot\src\share\vm\classfile\systemDictionary.cpp, line 210]
Event: 37.117 Thread 0x0000000019a61000 Exception <a 'java/lang/ClassNotFoundException': org/gradle/api/internal/file/collections/DefaultConfigurableFileTreeBeanInfo> (0x00000000d693dd68) thrown at [C:\src\AOSP-openjdk-git\hotspot\src\share\vm\classfile\systemDictionary.cpp, line 210]
Event: 37.119 Thread 0x0000000019a61000 Exception <a 'java/lang/ClassNotFoundException': org/gradle/api/internal/file/CompositeFileTreeBeanInfo> (0x00000000d6977410) thrown at [C:\src\AOSP-openjdk-git\hotspot\src\share\vm\classfile\systemDictionary.cpp, line 210]
Event: 37.121 Thread 0x0000000019a61000 Exception <a 'java/lang/ClassNotFoundException': org/gradle/api/internal/file/CompositeFileCollectionBeanInfo> (0x00000000d69b5190) thrown at [C:\src\AOSP-openjdk-git\hotspot\src\share\vm\classfile\systemDictionary.cpp, line 210]
Event: 37.125 Thread 0x0000000019a61000 Exception <a 'java/lang/ClassNotFoundException': org/gradle/api/internal/file/AbstractFileCollectionBeanInfo> (0x00000000d69f2e80) thrown at [C:\src\AOSP-openjdk-git\hotspot\src\share\vm\classfile\systemDictionary.cpp, line 210]
Event: 37.128 Thread 0x0000000019a61000 Exception <a 'java/lang/ClassNotFoundException': org/gradle/api/internal/file/AbstractFileCollectionCustomizer> (0x00000000d6a319d0) thrown at [C:\src\AOSP-openjdk-git\hotspot\src\share\vm\classfile\systemDictionary.cpp, line 210]
Event: 37.160 Thread 0x0000000019a61000 Exception <a 'java/lang/ClassNotFoundException': org/gradle/api/internal/file/CompositeFileCollectionCustomizer> (0x00000000d6a81ad0) thrown at [C:\src\AOSP-openjdk-git\hotspot\src\share\vm\classfile\systemDictionary.cpp, line 210]
Event: 37.176 Thread 0x0000000019a61000 Exception <a 'java/lang/ClassNotFoundException': org/gradle/api/internal/file/CompositeFileTreeCustomizer> (0x00000000d6ac8fe8) thrown at [C:\src\AOSP-openjdk-git\hotspot\src\share\vm\classfile\systemDictionary.cpp, line 210]
Event: 37.181 Thread 0x0000000019a61000 Exception <a 'java/lang/ClassNotFoundException': org/gradle/api/internal/file/collections/DefaultConfigurableFileTreeCustomizer> (0x00000000d6b1f398) thrown at [C:\src\AOSP-openjdk-git\hotspot\src\share\vm\classfile\systemDictionary.cpp, line 210]

Events (10 events):
Event: 37.424 loading class org/gradle/api/artifacts/result/ResolvedComponentResult
Event: 37.424 loading class org/gradle/api/artifacts/result/ResolvedComponentResult done
Event: 37.426 loading class org/gradle/api/artifacts/result/ComponentResult
Event: 37.426 loading class org/gradle/api/artifacts/result/ComponentResult done
Event: 37.429 loading class org/gradle/api/artifacts/result/DependencyResult
Event: 37.429 loading class org/gradle/api/artifacts/result/DependencyResult done
Event: 37.430 loading class org/gradle/api/internal/artifacts/ivyservice/resolveengine/result/CachingDependencyResultFactory
Event: 37.430 loading class org/gradle/api/internal/artifacts/ivyservice/resolveengine/result/CachingDependencyResultFactory done
Event: 37.432 loading class org/gradle/api/internal/artifacts/ivyservice/resolveengine/result/DetachedComponentResult
Event: 37.432 loading class org/gradle/api/internal/artifacts/ivyservice/resolveengine/result/DetachedComponentResult done


Dynamic libraries:
0x00007ff734000000 - 0x00007ff734031000 	C:\Program Files\Android\Android Studio\jre\bin\java.exe
0x00007ff9db240000 - 0x00007ff9db430000 	C:\Windows\SYSTEM32\ntdll.dll
0x00007ff9d9630000 - 0x00007ff9d96e2000 	C:\Windows\System32\KERNEL32.DLL
0x00007ff9d81c0000 - 0x00007ff9d8464000 	C:\Windows\System32\KERNELBASE.dll
0x00007ff9da890000 - 0x00007ff9da933000 	C:\Windows\System32\ADVAPI32.dll
0x00007ff9d9920000 - 0x00007ff9d99be000 	C:\Windows\System32\msvcrt.dll
0x00007ff9d9750000 - 0x00007ff9d97e7000 	C:\Windows\System32\sechost.dll
0x00007ff9dadc0000 - 0x00007ff9daee0000 	C:\Windows\System32\RPCRT4.dll
0x00007ff9da940000 - 0x00007ff9daad5000 	C:\Windows\System32\USER32.dll
0x00007ff9d8990000 - 0x00007ff9d89b1000 	C:\Windows\System32\win32u.dll
0x00007ff9d9ab0000 - 0x00007ff9d9ad6000 	C:\Windows\System32\GDI32.dll
0x00007ff9d89c0000 - 0x00007ff9d8b56000 	C:\Windows\System32\gdi32full.dll
0x00007ff9d84f0000 - 0x00007ff9d858e000 	C:\Windows\System32\msvcp_win.dll
0x00007ff9d8690000 - 0x00007ff9d878a000 	C:\Windows\System32\ucrtbase.dll
0x00007ff9c5380000 - 0x00007ff9c5604000 	C:\Windows\WinSxS\amd64_microsoft.windows.common-controls_6595b64144ccf1df_6.0.18362.1016_none_9e7a36bbe461dae4\COMCTL32.dll
0x00007ff9d92f0000 - 0x00007ff9d9625000 	C:\Windows\System32\combase.dll
0x00007ff9d8590000 - 0x00007ff9d8610000 	C:\Windows\System32\bcryptPrimitives.dll
0x00007ff9da860000 - 0x00007ff9da88e000 	C:\Windows\System32\IMM32.DLL
0x00000000631a0000 - 0x0000000063272000 	C:\Program Files\Android\Android Studio\jre\jre\bin\msvcr100.dll
0x00000000625c0000 - 0x0000000062e0b000 	C:\Program Files\Android\Android Studio\jre\jre\bin\server\jvm.dll
0x00007ff9db0b0000 - 0x00007ff9db0b8000 	C:\Windows\System32\PSAPI.DLL
0x00007ff9d08f0000 - 0x00007ff9d08f9000 	C:\Windows\SYSTEM32\WSOCK32.dll
0x00007ff9d99c0000 - 0x00007ff9d9a2f000 	C:\Windows\System32\WS2_32.dll
0x00007ff9d0950000 - 0x00007ff9d0974000 	C:\Windows\SYSTEM32\WINMM.dll
0x00007ff9d1600000 - 0x00007ff9d160a000 	C:\Windows\SYSTEM32\VERSION.dll
0x00007ff9d0920000 - 0x00007ff9d094d000 	C:\Windows\SYSTEM32\WINMMBASE.dll
0x00007ff9d8610000 - 0x00007ff9d865a000 	C:\Windows\System32\cfgmgr32.dll
0x00007ff9d0690000 - 0x00007ff9d069f000 	C:\Program Files\Android\Android Studio\jre\jre\bin\verify.dll
0x00007ff9d0660000 - 0x00007ff9d0689000 	C:\Program Files\Android\Android Studio\jre\jre\bin\java.dll
0x00007ff9d0560000 - 0x00007ff9d0576000 	C:\Program Files\Android\Android Studio\jre\jre\bin\zip.dll
0x00007ff9d9ae0000 - 0x00007ff9da1c7000 	C:\Windows\System32\SHELL32.dll
0x00007ff9d97f0000 - 0x00007ff9d9899000 	C:\Windows\System32\shcore.dll
0x00007ff9d8b60000 - 0x00007ff9d92e2000 	C:\Windows\System32\windows.storage.dll
0x00007ff9d8170000 - 0x00007ff9d8193000 	C:\Windows\System32\profapi.dll
0x00007ff9d8120000 - 0x00007ff9d816a000 	C:\Windows\System32\powrprof.dll
0x00007ff9d80f0000 - 0x00007ff9d8100000 	C:\Windows\System32\UMPDC.dll
0x00007ff9d96f0000 - 0x00007ff9d9742000 	C:\Windows\System32\shlwapi.dll
0x00007ff9d81a0000 - 0x00007ff9d81b1000 	C:\Windows\System32\kernel.appcore.dll
0x00007ff9d84d0000 - 0x00007ff9d84e7000 	C:\Windows\System32\cryptsp.dll
0x00007ff9d04b0000 - 0x00007ff9d04ca000 	C:\Program Files\Android\Android Studio\jre\jre\bin\net.dll
0x00007ff9d78f0000 - 0x00007ff9d7957000 	C:\Windows\system32\mswsock.dll
0x00007ff9d0470000 - 0x00007ff9d0483000 	C:\Program Files\Android\Android Studio\jre\jre\bin\nio.dll
0x00007ff9c2000000 - 0x00007ff9c2027000 	C:\Users\iqbal\.gradle\native\f6784746aeab05261644944871eae4fe03e0ef1612fff0a4a95f87b438bc6780\windows-amd64\native-platform.dll
0x00007ff9cd110000 - 0x00007ff9cd11d000 	C:\Program Files\Android\Android Studio\jre\jre\bin\management.dll
0x00007ff9d7460000 - 0x00007ff9d7493000 	C:\Windows\system32\rsaenh.dll
0x00007ff9d8660000 - 0x00007ff9d8686000 	C:\Windows\System32\bcrypt.dll
0x00007ff9d8010000 - 0x00007ff9d8035000 	C:\Windows\SYSTEM32\USERENV.dll
0x00007ff9d7ac0000 - 0x00007ff9d7acc000 	C:\Windows\SYSTEM32\CRYPTBASE.dll
0x00007ff9d7600000 - 0x00007ff9d763a000 	C:\Windows\SYSTEM32\IPHLPAPI.DLL
0x00007ff9da850000 - 0x00007ff9da858000 	C:\Windows\System32\NSI.dll
0x00007ff9d2490000 - 0x00007ff9d24a6000 	C:\Windows\SYSTEM32\dhcpcsvc6.DLL
0x00007ff9d22a0000 - 0x00007ff9d22bc000 	C:\Windows\SYSTEM32\dhcpcsvc.DLL
0x00007ff9d7640000 - 0x00007ff9d770b000 	C:\Windows\SYSTEM32\DNSAPI.dll
0x00007ff9d3a00000 - 0x00007ff9d3a0b000 	C:\Windows\SYSTEM32\WINNSI.DLL

VM Arguments:
jvm_args: -Xmx2048m -Dfile.encoding=windows-1252 -Duser.country=ID -Duser.language=en -Duser.variant 
java_command: org.gradle.launcher.daemon.bootstrap.GradleDaemon 6.5
java_class_path (initial): C:\Users\iqbal\.gradle\wrapper\dists\gradle-6.5-bin\6nifqtx7604sqp1q6g8wikw7p\gradle-6.5\lib\gradle-launcher-6.5.jar
Launcher Type: SUN_STANDARD

Environment Variables:
PATH=C:\Program Files (x86)\Common Files\Oracle\Java\javapath;C:\Program Files\Android\Android Studio\jdk-13.0.1;C:\Windows\system32;C:\Windows;C:\Windows\System32\Wbem;C:\Windows\System32\WindowsPowerShell\v1.0\;C:\Windows\System32\OpenSSH\;C:\Program Files (x86)\Microsoft SQL Server\110\Tools\Binn\;C:\Program Files (x86)\Microsoft SQL Server\110\DTS\Binn\;C:\Program Files (x86)\Microsoft SQL Server\150\DTS\Binn\;C:\Program Files\dotnet\;C:\Program Files\Git\cmd;C:\Program Files\Microsoft SQL Server\130\Tools\Binn\;C:\Program Files\Microsoft SQL Server\Client SDK\ODBC\170\Tools\Binn\;C:\Users\iqbal\AppData\Local\Microsoft\WindowsApps;;C:\Users\iqbal\AppData\Local\Programs\Microsoft VS Code\bin
USERNAME=iqbal
OS=Windows_NT
PROCESSOR_IDENTIFIER=AMD64 Family 22 Model 48 Stepping 1, AuthenticAMD



---------------  S Y S T E M  ---------------

OS: Windows 10.0 , 64 bit Build 18362 (10.0.18362.959)

CPU:total 4 (initial active 4) (4 cores per cpu, 1 threads per core) family 22 model 48 stepping 1, cmov, cx8, fxsr, mmx, sse, sse2, sse3, ssse3, sse4.1, sse4.2, popcnt, avx, aes, clmul, mmxext, 3dnowpref, lzcnt, sse4a, tsc, tscinvbit, tscinv, bmi1

Memory: 4k page, physical 7299348k(1876224k free), swap 21870096k(5128k free)

vm_info: OpenJDK 64-Bit Server VM (25.242-b01) for windows-amd64 JRE (1.8.0_242-release-1644-b01), built by "builder" with MS VC++ 10.0 (VS2010)

time: Tue Nov 10 15:44:46 2020
timezone: SE Asia Standard Time
elapsed time: 37 seconds (0d 0h 0m 37s)

