#
# There is insufficient memory for the Java Runtime Environment to continue.
# Native memory allocation (malloc) failed to allocate 35696 bytes for Chunk::new
# Possible reasons:
#   The system is out of physical RAM or swap space
#   The process is running with CompressedOops enabled, and the Java Heap may be blocking the growth of the native heap
# Possible solutions:
#   Reduce memory load on the system
#   Increase physical memory or swap space
#   Check if swap backing store is full
#   Decrease Java heap size (-Xmx/-Xms)
#   Decrease number of Java threads
#   Decrease Java thread stack sizes (-Xss)
#   Set larger code cache with -XX:ReservedCodeCacheSize=
#   JVM is running with Unscaled Compressed Oops mode in which the Java heap is
#     placed in the first 4GB address space. The Java Heap base address is the
#     maximum limit for the native heap growth. Please use -XX:HeapBaseMinAddress
#     to set the Java Heap base and to place the Java Heap above 4GB virtual address.
# This output file may be truncated or incomplete.
#
#  Out of Memory Error (allocation.cpp:389), pid=9832, tid=0x0000000000001858
#
# JRE version: OpenJDK Runtime Environment (8.0_242-b01) (build 1.8.0_242-release-1644-b01)
# Java VM: OpenJDK 64-Bit Server VM (25.242-b01 mixed mode windows-amd64 compressed oops)
# Failed to write core dump. Minidumps are not enabled by default on client versions of Windows
#

---------------  T H R E A D  ---------------

Current thread (0x0000000017d27800):  JavaThread "C2 CompilerThread1" daemon [_thread_in_native, id=6232, stack(0x0000000019470000,0x0000000019570000)]

Stack: [0x0000000019470000,0x0000000019570000]
[error occurred during error reporting (printing stack bounds), id 0xc0000005]

Native frames: (J=compiled Java code, j=interpreted, Vv=VM code, C=native code)


Current CompileTask:
C2:  51717 7892       4       org.gradle.tooling.internal.provider.runner.SubtreeFilteringBuildOperationListener::started (118 bytes)


---------------  P R O C E S S  ---------------

Java Threads: ( => current thread )
  0x000000001d3a8800 JavaThread "Cache worker for execution history cache (G:\Magang\Projectjss2\.gradle\6.5\executionHistory)" [_thread_blocked, id=10416, stack(0x000000002a500000,0x000000002a600000)]
  0x000000001d3a7000 JavaThread "Execution worker for ':' Thread 3" [_thread_blocked, id=11084, stack(0x000000002a400000,0x000000002a500000)]
  0x000000001d3a5800 JavaThread "Execution worker for ':' Thread 2" [_thread_blocked, id=1412, stack(0x000000002a300000,0x000000002a400000)]
  0x000000001d3a6800 JavaThread "Execution worker for ':'" [_thread_blocked, id=7020, stack(0x000000002a200000,0x000000002a300000)]
  0x000000001d3a1000 JavaThread "Cache worker for file content cache (G:\Magang\Projectjss2\.gradle\6.5\fileContent)" [_thread_blocked, id=8844, stack(0x0000000029d00000,0x0000000029e00000)]
  0x000000001d3a0800 JavaThread "Memory manager" [_thread_blocked, id=11272, stack(0x0000000028130000,0x0000000028230000)]
  0x0000000019d07800 JavaThread "Cache worker for Build Output Cleanup Cache (G:\Magang\Projectjss2\.gradle\buildOutputCleanup)" [_thread_blocked, id=3016, stack(0x0000000027a30000,0x0000000027b30000)]
  0x0000000019d06800 JavaThread "jar transforms Thread 94" [_thread_blocked, id=12960, stack(0x0000000027730000,0x0000000027830000)]
  0x0000000019d04800 JavaThread "jar transforms Thread 93" [_thread_blocked, id=3496, stack(0x0000000027630000,0x0000000027730000)]
  0x0000000019d0b000 JavaThread "jar transforms Thread 92" [_thread_blocked, id=12576, stack(0x0000000027530000,0x0000000027630000)]
  0x0000000019d08000 JavaThread "jar transforms Thread 91" [_thread_blocked, id=9088, stack(0x0000000027430000,0x0000000027530000)]
  0x0000000019d06000 JavaThread "jar transforms Thread 90" [_thread_blocked, id=9988, stack(0x0000000027330000,0x0000000027430000)]
  0x0000000019d0a800 JavaThread "jar transforms Thread 89" [_thread_blocked, id=9168, stack(0x0000000027230000,0x0000000027330000)]
  0x0000000019cfd000 JavaThread "jar transforms Thread 88" [_thread_blocked, id=11684, stack(0x0000000027130000,0x0000000027230000)]
  0x0000000019d03000 JavaThread "jar transforms Thread 87" [_thread_blocked, id=4044, stack(0x0000000027030000,0x0000000027130000)]
  0x0000000019cfd800 JavaThread "jar transforms Thread 86" [_thread_blocked, id=5128, stack(0x0000000026f30000,0x0000000027030000)]
  0x0000000019d00000 JavaThread "jar transforms Thread 85" [_thread_blocked, id=1424, stack(0x0000000026e30000,0x0000000026f30000)]
  0x0000000019cff000 JavaThread "jar transforms Thread 84" [_thread_blocked, id=5220, stack(0x0000000026d30000,0x0000000026e30000)]
  0x0000000019d03800 JavaThread "jar transforms Thread 83" [_thread_blocked, id=4228, stack(0x0000000026c30000,0x0000000026d30000)]
  0x0000000019d00800 JavaThread "jar transforms Thread 82" [_thread_blocked, id=6364, stack(0x0000000026b30000,0x0000000026c30000)]
  0x0000000019d02000 JavaThread "jar transforms Thread 81" [_thread_blocked, id=7456, stack(0x0000000026a30000,0x0000000026b30000)]
  0x0000000019cfe800 JavaThread "jar transforms Thread 80" [_thread_blocked, id=7600, stack(0x0000000026930000,0x0000000026a30000)]
  0x0000000019cfc000 JavaThread "jar transforms Thread 79" [_thread_blocked, id=12356, stack(0x0000000026830000,0x0000000026930000)]
  0x0000000019d01800 JavaThread "jar transforms Thread 78" [_thread_blocked, id=9796, stack(0x0000000026730000,0x0000000026830000)]
  0x000000001dd39800 JavaThread "jar transforms Thread 77" [_thread_blocked, id=11480, stack(0x0000000026630000,0x0000000026730000)]
  0x000000001dd3e800 JavaThread "jar transforms Thread 76" [_thread_blocked, id=5464, stack(0x0000000026530000,0x0000000026630000)]
  0x000000001dd3f800 JavaThread "jar transforms Thread 75" [_thread_blocked, id=12044, stack(0x0000000026430000,0x0000000026530000)]
  0x000000001dd37000 JavaThread "jar transforms Thread 74" [_thread_blocked, id=13052, stack(0x0000000026330000,0x0000000026430000)]
  0x000000001dd38800 JavaThread "jar transforms Thread 73" [_thread_blocked, id=4184, stack(0x0000000026230000,0x0000000026330000)]
  0x000000001dd3e000 JavaThread "jar transforms Thread 72" [_thread_blocked, id=6644, stack(0x0000000026130000,0x0000000026230000)]
  0x000000001dd36800 JavaThread "jar transforms Thread 71" [_thread_blocked, id=2504, stack(0x0000000026030000,0x0000000026130000)]
  0x000000001dd38000 JavaThread "jar transforms Thread 70" [_thread_blocked, id=11732, stack(0x0000000025f30000,0x0000000026030000)]
  0x000000001dd3d000 JavaThread "jar transforms Thread 69" [_thread_blocked, id=3080, stack(0x0000000025e30000,0x0000000025f30000)]
  0x000000001dd3c800 JavaThread "jar transforms Thread 68" [_thread_blocked, id=9976, stack(0x0000000025d30000,0x0000000025e30000)]
  0x000000001dd3b000 JavaThread "jar transforms Thread 67" [_thread_blocked, id=9960, stack(0x0000000025c30000,0x0000000025d30000)]
  0x000000001dd3b800 JavaThread "jar transforms Thread 66" [_thread_blocked, id=11004, stack(0x0000000025b30000,0x0000000025c30000)]
  0x000000001dd3a000 JavaThread "jar transforms Thread 65" [_thread_blocked, id=12416, stack(0x0000000025a30000,0x0000000025b30000)]
  0x000000001dd32800 JavaThread "jar transforms Thread 64" [_thread_blocked, id=8064, stack(0x0000000025930000,0x0000000025a30000)]
  0x000000001dd35800 JavaThread "jar transforms Thread 63" [_thread_blocked, id=11056, stack(0x0000000025830000,0x0000000025930000)]
  0x000000001dd31000 JavaThread "jar transforms Thread 62" [_thread_blocked, id=10776, stack(0x0000000025730000,0x0000000025830000)]
  0x000000001dd34000 JavaThread "jar transforms Thread 61" [_thread_blocked, id=12976, stack(0x0000000025630000,0x0000000025730000)]
  0x000000001dd32000 JavaThread "jar transforms Thread 60" [_thread_blocked, id=10644, stack(0x0000000025530000,0x0000000025630000)]
  0x000000001dd33800 JavaThread "jar transforms Thread 59" [_thread_blocked, id=10352, stack(0x0000000025430000,0x0000000025530000)]
  0x000000001dd30800 JavaThread "jar transforms Thread 58" [_thread_blocked, id=12708, stack(0x0000000025330000,0x0000000025430000)]
  0x000000001dd35000 JavaThread "jar transforms Thread 57" [_thread_blocked, id=3744, stack(0x0000000025230000,0x0000000025330000)]
  0x000000001dacc000 JavaThread "jar transforms Thread 56" [_thread_blocked, id=6800, stack(0x0000000025130000,0x0000000025230000)]
  0x000000001dacb000 JavaThread "jar transforms Thread 55" [_thread_blocked, id=12724, stack(0x0000000025030000,0x0000000025130000)]
  0x000000001dacd800 JavaThread "jar transforms Thread 54" [_thread_blocked, id=10036, stack(0x0000000024f30000,0x0000000025030000)]
  0x000000001dacc800 JavaThread "jar transforms Thread 53" [_thread_blocked, id=12472, stack(0x0000000024e30000,0x0000000024f30000)]
  0x000000001dac9000 JavaThread "jar transforms Thread 52" [_thread_blocked, id=3652, stack(0x0000000024d30000,0x0000000024e30000)]
  0x000000001daca800 JavaThread "jar transforms Thread 51" [_thread_blocked, id=12656, stack(0x0000000024c30000,0x0000000024d30000)]
  0x000000001dac9800 JavaThread "jar transforms Thread 50" [_thread_blocked, id=6448, stack(0x0000000024b30000,0x0000000024c30000)]
  0x000000001dac7800 JavaThread "jar transforms Thread 49" [_thread_blocked, id=7484, stack(0x0000000024a30000,0x0000000024b30000)]
  0x000000001dac1800 JavaThread "jar transforms Thread 48" [_thread_blocked, id=32, stack(0x0000000024930000,0x0000000024a30000)]
  0x000000001dac8000 JavaThread "jar transforms Thread 47" [_thread_blocked, id=13036, stack(0x0000000024830000,0x0000000024930000)]
  0x000000001dac0000 JavaThread "jar transforms Thread 46" [_thread_blocked, id=12336, stack(0x0000000024730000,0x0000000024830000)]
  0x000000001dac6800 JavaThread "jar transforms Thread 45" [_thread_blocked, id=11952, stack(0x0000000024630000,0x0000000024730000)]
  0x000000001dac4800 JavaThread "jar transforms Thread 44" [_thread_blocked, id=8420, stack(0x0000000024530000,0x0000000024630000)]
  0x000000001dac6000 JavaThread "jar transforms Thread 43" [_thread_blocked, id=9340, stack(0x0000000024430000,0x0000000024530000)]
  0x000000001dabe800 JavaThread "jar transforms Thread 42" [_thread_blocked, id=10272, stack(0x0000000024330000,0x0000000024430000)]
  0x000000001dac3800 JavaThread "jar transforms Thread 41" [_thread_blocked, id=9608, stack(0x0000000024230000,0x0000000024330000)]
  0x000000001dabf000 JavaThread "jar transforms Thread 40" [_thread_blocked, id=12276, stack(0x0000000024130000,0x0000000024230000)]
  0x000000001dac0800 JavaThread "jar transforms Thread 39" [_thread_blocked, id=6336, stack(0x0000000024030000,0x0000000024130000)]
  0x000000001dac3000 JavaThread "jar transforms Thread 38" [_thread_blocked, id=2396, stack(0x0000000023f30000,0x0000000024030000)]
  0x000000001dac5000 JavaThread "jar transforms Thread 37" [_thread_blocked, id=9412, stack(0x0000000023e30000,0x0000000023f30000)]
  0x000000001dac2000 JavaThread "jar transforms Thread 36" [_thread_blocked, id=11700, stack(0x0000000023d30000,0x0000000023e30000)]
  0x000000001ab05800 JavaThread "jar transforms Thread 35" [_thread_blocked, id=13180, stack(0x0000000023c30000,0x0000000023d30000)]
  0x000000001ab05000 JavaThread "jar transforms Thread 34" [_thread_blocked, id=13212, stack(0x0000000023b30000,0x0000000023c30000)]
  0x000000001ab04000 JavaThread "jar transforms Thread 33" [_thread_blocked, id=10020, stack(0x0000000023a30000,0x0000000023b30000)]
  0x000000001ab09800 JavaThread "jar transforms Thread 32" [_thread_blocked, id=12600, stack(0x0000000023930000,0x0000000023a30000)]
  0x000000001ab08800 JavaThread "jar transforms Thread 31" [_thread_blocked, id=5816, stack(0x0000000023830000,0x0000000023930000)]
  0x000000001ab0a000 JavaThread "jar transforms Thread 30" [_thread_blocked, id=4120, stack(0x0000000023730000,0x0000000023830000)]
  0x000000001ab07000 JavaThread "jar transforms Thread 29" [_thread_blocked, id=2088, stack(0x0000000023630000,0x0000000023730000)]
  0x000000001ab08000 JavaThread "jar transforms Thread 28" [_thread_blocked, id=3124, stack(0x0000000023530000,0x0000000023630000)]
  0x000000001ab06800 JavaThread "jar transforms Thread 27" [_thread_blocked, id=10564, stack(0x0000000023430000,0x0000000023530000)]
  0x000000001ab03800 JavaThread "jar transforms Thread 26" [_thread_blocked, id=12556, stack(0x0000000023330000,0x0000000023430000)]
  0x000000001a0ed800 JavaThread "jar transforms Thread 25" [_thread_blocked, id=11372, stack(0x0000000023230000,0x0000000023330000)]
  0x000000001a0ed000 JavaThread "jar transforms Thread 24" [_thread_blocked, id=12484, stack(0x0000000023130000,0x0000000023230000)]
  0x000000001a0ec000 JavaThread "jar transforms Thread 23" [_thread_blocked, id=11536, stack(0x0000000023030000,0x0000000023130000)]
  0x000000001a0eb000 JavaThread "jar transforms Thread 22" [_thread_blocked, id=3724, stack(0x0000000022f30000,0x0000000023030000)]
  0x000000001a0f1800 JavaThread "jar transforms Thread 21" [_thread_blocked, id=10312, stack(0x0000000022e30000,0x0000000022f30000)]
  0x000000001a0f0000 JavaThread "jar transforms Thread 20" [_thread_blocked, id=9288, stack(0x0000000022d30000,0x0000000022e30000)]
  0x000000001a0f0800 JavaThread "jar transforms Thread 19" [_thread_blocked, id=2484, stack(0x0000000022c30000,0x0000000022d30000)]
  0x000000001a0ef000 JavaThread "jar transforms Thread 18" [_thread_blocked, id=11852, stack(0x0000000022b30000,0x0000000022c30000)]
  0x000000001a0ea800 JavaThread "jar transforms Thread 17" [_thread_blocked, id=11900, stack(0x0000000022a30000,0x0000000022b30000)]
  0x000000001a0ee800 JavaThread "jar transforms Thread 16" [_thread_blocked, id=12208, stack(0x0000000022930000,0x0000000022a30000)]
  0x000000001ae26800 JavaThread "jar transforms Thread 15" [_thread_blocked, id=2548, stack(0x0000000022830000,0x0000000022930000)]
  0x000000001ae2d000 JavaThread "jar transforms Thread 14" [_thread_blocked, id=6504, stack(0x0000000022730000,0x0000000022830000)]
  0x000000001ae28800 JavaThread "jar transforms Thread 13" [_thread_blocked, id=10548, stack(0x0000000022630000,0x0000000022730000)]
  0x000000001ae28000 JavaThread "jar transforms Thread 12" [_thread_blocked, id=9656, stack(0x0000000022530000,0x0000000022630000)]
  0x000000001ae2b800 JavaThread "jar transforms Thread 11" [_thread_blocked, id=13288, stack(0x0000000022430000,0x0000000022530000)]
  0x000000001ae2c800 JavaThread "jar transforms Thread 10" [_thread_blocked, id=4416, stack(0x0000000022230000,0x0000000022330000)]
  0x000000001ae25800 JavaThread "jar transforms Thread 9" [_thread_blocked, id=2072, stack(0x0000000022130000,0x0000000022230000)]
  0x000000001ae27000 JavaThread "jar transforms Thread 8" [_thread_blocked, id=13012, stack(0x0000000022030000,0x0000000022130000)]
  0x000000001ae25000 JavaThread "jar transforms Thread 7" [_thread_blocked, id=12620, stack(0x0000000021f30000,0x0000000022030000)]
  0x000000001ae2b000 JavaThread "jar transforms Thread 6" [_thread_blocked, id=6024, stack(0x0000000021e30000,0x0000000021f30000)]
  0x000000001ae2a000 JavaThread "jar transforms Thread 5" [_thread_blocked, id=412, stack(0x0000000021d30000,0x0000000021e30000)]
  0x000000001ae29800 JavaThread "jar transforms Thread 4" [_thread_blocked, id=6724, stack(0x0000000021c30000,0x0000000021d30000)]
  0x000000001ae24000 JavaThread "jar transforms Thread 3" [_thread_blocked, id=2760, stack(0x0000000021b30000,0x0000000021c30000)]
  0x000000001ae1f000 JavaThread "jar transforms Thread 2" [_thread_blocked, id=12016, stack(0x0000000021a30000,0x0000000021b30000)]
  0x000000001ae20800 JavaThread "Build operations Thread 4" [_thread_blocked, id=1588, stack(0x0000000021930000,0x0000000021a30000)]
  0x000000001ae1f800 JavaThread "Build operations Thread 3" [_thread_in_native, id=1756, stack(0x0000000021830000,0x0000000021930000)]
  0x000000001ae23800 JavaThread "Build operations Thread 2" [_thread_in_native, id=12364, stack(0x0000000021730000,0x0000000021830000)]
  0x000000001ae1e000 JavaThread "Build operations" [_thread_blocked, id=11064, stack(0x0000000021630000,0x0000000021730000)]
  0x000000001a5a0000 JavaThread "Cache worker for file content cache (C:\Users\iqbal\.gradle\caches\6.5\fileContent)" [_thread_blocked, id=11636, stack(0x0000000020f30000,0x0000000021030000)]
  0x000000001a59f000 JavaThread "jar transforms" [_thread_blocked, id=10528, stack(0x0000000020e30000,0x0000000020f30000)]
  0x000000001a59d800 JavaThread "Cache worker for execution history cache (C:\Users\iqbal\.gradle\caches\6.5\executionHistory)" [_thread_blocked, id=11968, stack(0x0000000020730000,0x0000000020830000)]
  0x000000001a59e800 JavaThread "Cache worker for cache directory md-rule (C:\Users\iqbal\.gradle\caches\6.5\md-rule)" [_thread_blocked, id=2872, stack(0x0000000020630000,0x0000000020730000)]
  0x000000001a5a0800 JavaThread "Cache worker for cache directory md-supplier (C:\Users\iqbal\.gradle\caches\6.5\md-supplier)" [_thread_blocked, id=9496, stack(0x0000000020530000,0x0000000020630000)]
  0x000000001a5a1800 JavaThread "Cache worker for checksums cache (G:\Magang\Projectjss2\.gradle\checksums)" [_thread_blocked, id=9968, stack(0x0000000020430000,0x0000000020530000)]
  0x000000001a59c000 JavaThread "Cache worker for file hash cache (G:\Magang\Projectjss2\.gradle\6.5\fileHashes)" [_thread_blocked, id=7968, stack(0x0000000020130000,0x0000000020230000)]
  0x000000001a59d000 JavaThread "Cache worker for file hash cache (C:\Users\iqbal\.gradle\caches\6.5\fileHashes)" [_thread_blocked, id=10420, stack(0x000000001ec60000,0x000000001ed60000)]
  0x000000001a59b800 JavaThread "File lock request listener" [_thread_in_native, id=5736, stack(0x000000001db90000,0x000000001dc90000)]
  0x000000001994e800 JavaThread "Cache worker for journal cache (C:\Users\iqbal\.gradle\caches\journal-1)" [_thread_blocked, id=12732, stack(0x000000001cac0000,0x000000001cbc0000)]
  0x0000000017d5b000 JavaThread "Thread-9" [_thread_blocked, id=1900, stack(0x000000001c7c0000,0x000000001c8c0000)]
  0x000000001a3d0000 JavaThread "Stdin handler" [_thread_blocked, id=8516, stack(0x000000001c6c0000,0x000000001c7c0000)]
  0x000000001a3ca800 JavaThread "Asynchronous log dispatcher for DefaultDaemonConnection: socket connection from /127.0.0.1:55417 to /127.0.0.1:55418" [_thread_blocked, id=7896, stack(0x000000001c5c0000,0x000000001c6c0000)]
  0x000000001a3c9800 JavaThread "Daemon worker" [_thread_blocked, id=5288, stack(0x000000001c4c0000,0x000000001c5c0000)]
  0x000000001a4ea000 JavaThread "Cancel handler" [_thread_blocked, id=4692, stack(0x000000001c3c0000,0x000000001c4c0000)]
  0x0000000019666000 JavaThread "Handler for socket connection from /127.0.0.1:55417 to /127.0.0.1:55418" [_thread_in_native, id=9508, stack(0x000000001c2c0000,0x000000001c3c0000)]
  0x0000000019667800 JavaThread "Daemon" [_thread_blocked, id=11792, stack(0x000000001c1c0000,0x000000001c2c0000)]
  0x0000000019665000 JavaThread "Daemon periodic checks" [_thread_blocked, id=13224, stack(0x000000001bec0000,0x000000001bfc0000)]
  0x000000001a9a2000 JavaThread "Incoming local TCP Connector on port 55417" [_thread_in_native, id=11944, stack(0x000000001bc80000,0x000000001bd80000)]
  0x000000001a4f4000 JavaThread "Daemon health stats" [_thread_blocked, id=11776, stack(0x000000001b640000,0x000000001b740000)]
  0x00000000195a1000 JavaThread "Service Thread" daemon [_thread_blocked, id=9732, stack(0x0000000019a70000,0x0000000019b70000)]
  0x0000000017d6e800 JavaThread "C1 CompilerThread2" daemon [_thread_blocked, id=11524, stack(0x0000000019970000,0x0000000019a70000)]
=>0x0000000017d27800 JavaThread "C2 CompilerThread1" daemon [_thread_in_native, id=6232, stack(0x0000000019470000,0x0000000019570000)]
  0x0000000017d16800 JavaThread "C2 CompilerThread0" daemon [_thread_in_native, id=11220, stack(0x0000000019370000,0x0000000019470000)]
  0x0000000017d15800 JavaThread "Attach Listener" daemon [_thread_blocked, id=12736, stack(0x0000000019270000,0x0000000019370000)]
  0x0000000017d12800 JavaThread "Signal Dispatcher" daemon [_thread_blocked, id=452, stack(0x0000000019170000,0x0000000019270000)]
  0x00000000030e7000 JavaThread "Finalizer" daemon [_thread_blocked, id=9056, stack(0x0000000018f70000,0x0000000019070000)]
  0x0000000017cf9000 JavaThread "Reference Handler" daemon [_thread_blocked, id=8156, stack(0x0000000018e70000,0x0000000018f70000)]
  0x0000000002fee000 JavaThread "main" [_thread_blocked, id=6796, stack(0x0000000002ed0000,0x0000000002fd0000)]

Other Threads:
  0x0000000017cd6800 VMThread [stack: 0x0000000018d70000,0x0000000018e70000] [id=7776]
  0x0000000019586000 WatcherThread [stack: 0x0000000019b70000,0x0000000019c70000] [id=4884]

VM state:not at safepoint (normal execution)

VM Mutex/Monitor currently owned by a thread: None

heap address: 0x0000000080000000, size: 2048 MB, Compressed Oops mode: 32-bit
Narrow klass base: 0x0000000000000000, Narrow klass shift: 3
Compressed class space size: 1073741824 Address: 0x0000000100000000

Heap:
 PSYoungGen      total 215552K, used 28147K [0x00000000d5580000, 0x00000000e7a80000, 0x0000000100000000)
  eden space 201728K, 7% used [0x00000000d5580000,0x00000000d63828d0,0x00000000e1a80000)
  from space 13824K, 99% used [0x00000000e2f80000,0x00000000e3cfa708,0x00000000e3d00000)
  to   space 21504K, 0% used [0x00000000e1a80000,0x00000000e1a80000,0x00000000e2f80000)
 ParOldGen       total 73216K, used 44545K [0x0000000080000000, 0x0000000084780000, 0x00000000d5580000)
  object space 73216K, 60% used [0x0000000080000000,0x0000000082b80428,0x0000000084780000)
 Metaspace       used 63881K, capacity 66814K, committed 66968K, reserved 1107968K
  class space    used 8763K, capacity 9317K, committed 9384K, reserved 1048576K

Card table byte_map: [0x00000000124b0000,0x00000000128c0000] byte_map_base: 0x00000000120b0000

Marking Bits: (ParMarkBitMap*) 0x0000000062d8f030
 Begin Bits: [0x0000000012f70000, 0x0000000014f70000)
 End Bits:   [0x0000000014f70000, 0x0000000016f70000)

Polling page: 0x0000000001690000

CodeCache: size=245760Kb used=22454Kb max_used=22475Kb free=223305Kb
 bounds [0x00000000030f0000, 0x0000000004700000, 0x00000000120f0000]
 total_blobs=7724 nmethods=6942 adapters=696
 compilation: enabled

Compilation events (10 events):
Event: 51.638 Thread 0x0000000017d6e800 nmethod 7888 0x00000000046ef350 code [0x00000000046ef4c0, 0x00000000046ef648]
Event: 51.639 Thread 0x0000000017d27800 7889       4       java.nio.ByteBuffer::<init> (45 bytes)
Event: 51.644 Thread 0x0000000017d27800 nmethod 7889 0x00000000046ed790 code [0x00000000046ed8e0, 0x00000000046edaf8]
Event: 51.653 Thread 0x0000000017d6e800 7890       3       com.google.common.util.concurrent.AbstractFuture$Waiter::unpark (19 bytes)
Event: 51.654 Thread 0x0000000017d6e800 nmethod 7890 0x00000000046eee10 code [0x00000000046eef80, 0x00000000046ef288]
Event: 51.669 Thread 0x0000000017d27800 7891       4       org.gradle.internal.operations.logging.LoggingBuildOperationProgressBroadcaster::onOutput (105 bytes)
Event: 51.673 Thread 0x0000000017d27800 nmethod 7891 0x00000000046eea90 code [0x00000000046eebe0, 0x00000000046eece8]
Event: 51.680 Thread 0x0000000017d27800 7892       4       org.gradle.tooling.internal.provider.runner.SubtreeFilteringBuildOperationListener::started (118 bytes)
Event: 51.687 Thread 0x0000000017d6e800 7894       2       org.gradle.tooling.internal.provider.runner.SubtreeFilteringBuildOperationListener::finished (72 bytes)
Event: 51.689 Thread 0x0000000017d6e800 nmethod 7894 0x00000000046ee110 code [0x00000000046ee300, 0x00000000046ee748]

GC Heap History (10 events):
Event: 27.374 GC heap before
{Heap before GC invocations=11 (full 2):
 PSYoungGen      total 166912K, used 154112K [0x00000000d5580000, 0x00000000e3400000, 0x0000000100000000)
  eden space 154112K, 100% used [0x00000000d5580000,0x00000000dec00000,0x00000000dec00000)
  from space 12800K, 0% used [0x00000000df800000,0x00000000df800000,0x00000000e0480000)
  to   space 12288K, 0% used [0x00000000dec00000,0x00000000dec00000,0x00000000df800000)
 ParOldGen       total 73216K, used 13646K [0x0000000080000000, 0x0000000084780000, 0x00000000d5580000)
  object space 73216K, 18% used [0x0000000080000000,0x0000000080d539e0,0x0000000084780000)
 Metaspace       used 42285K, capacity 44092K, committed 44328K, reserved 1087488K
  class space    used 5758K, capacity 6135K, committed 6184K, reserved 1048576K
Event: 27.410 GC heap after
Heap after GC invocations=11 (full 2):
 PSYoungGen      total 166400K, used 12218K [0x00000000d5580000, 0x00000000e3d00000, 0x0000000100000000)
  eden space 154112K, 0% used [0x00000000d5580000,0x00000000d5580000,0x00000000dec00000)
  from space 12288K, 99% used [0x00000000dec00000,0x00000000df7ee998,0x00000000df800000)
  to   space 13824K, 0% used [0x00000000e2f80000,0x00000000e2f80000,0x00000000e3d00000)
 ParOldGen       total 73216K, used 13654K [0x0000000080000000, 0x0000000084780000, 0x00000000d5580000)
  object space 73216K, 18% used [0x0000000080000000,0x0000000080d559e0,0x0000000084780000)
 Metaspace       used 42285K, capacity 44092K, committed 44328K, reserved 1087488K
  class space    used 5758K, capacity 6135K, committed 6184K, reserved 1048576K
}
Event: 34.904 GC heap before
{Heap before GC invocations=12 (full 2):
 PSYoungGen      total 166400K, used 166330K [0x00000000d5580000, 0x00000000e3d00000, 0x0000000100000000)
  eden space 154112K, 100% used [0x00000000d5580000,0x00000000dec00000,0x00000000dec00000)
  from space 12288K, 99% used [0x00000000dec00000,0x00000000df7ee998,0x00000000df800000)
  to   space 13824K, 0% used [0x00000000e2f80000,0x00000000e2f80000,0x00000000e3d00000)
 ParOldGen       total 73216K, used 13654K [0x0000000080000000, 0x0000000084780000, 0x00000000d5580000)
  object space 73216K, 18% used [0x0000000080000000,0x0000000080d559e0,0x0000000084780000)
 Metaspace       used 54740K, capacity 56898K, committed 57128K, reserved 1097728K
  class space    used 7435K, capacity 7904K, committed 7976K, reserved 1048576K
Event: 34.960 GC heap after
Heap after GC invocations=12 (full 2):
 PSYoungGen      total 217600K, used 13804K [0x00000000d5580000, 0x00000000e4400000, 0x0000000100000000)
  eden space 203776K, 0% used [0x00000000d5580000,0x00000000d5580000,0x00000000e1c80000)
  from space 13824K, 99% used [0x00000000e2f80000,0x00000000e3cfb320,0x00000000e3d00000)
  to   space 19456K, 0% used [0x00000000e1c80000,0x00000000e1c80000,0x00000000e2f80000)
 ParOldGen       total 73216K, used 24810K [0x0000000080000000, 0x0000000084780000, 0x00000000d5580000)
  object space 73216K, 33% used [0x0000000080000000,0x000000008183a850,0x0000000084780000)
 Metaspace       used 54740K, capacity 56898K, committed 57128K, reserved 1097728K
  class space    used 7435K, capacity 7904K, committed 7976K, reserved 1048576K
}
Event: 37.620 GC heap before
{Heap before GC invocations=13 (full 2):
 PSYoungGen      total 217600K, used 66350K [0x00000000d5580000, 0x00000000e4400000, 0x0000000100000000)
  eden space 203776K, 25% used [0x00000000d5580000,0x00000000d88d0858,0x00000000e1c80000)
  from space 13824K, 99% used [0x00000000e2f80000,0x00000000e3cfb320,0x00000000e3d00000)
  to   space 19456K, 0% used [0x00000000e1c80000,0x00000000e1c80000,0x00000000e2f80000)
 ParOldGen       total 73216K, used 24810K [0x0000000080000000, 0x0000000084780000, 0x00000000d5580000)
  object space 73216K, 33% used [0x0000000080000000,0x000000008183a850,0x0000000084780000)
 Metaspace       used 56771K, capacity 59086K, committed 59160K, reserved 1099776K
  class space    used 7748K, capacity 8219K, committed 8232K, reserved 1048576K
Event: 37.726 GC heap after
Heap after GC invocations=13 (full 2):
 PSYoungGen      total 223232K, used 4794K [0x00000000d5580000, 0x00000000e4400000, 0x0000000100000000)
  eden space 203776K, 0% used [0x00000000d5580000,0x00000000d5580000,0x00000000e1c80000)
  from space 19456K, 24% used [0x00000000e1c80000,0x00000000e212e858,0x00000000e2f80000)
  to   space 13824K, 0% used [0x00000000e2f80000,0x00000000e2f80000,0x00000000e3d00000)
 ParOldGen       total 73216K, used 38625K [0x0000000080000000, 0x0000000084780000, 0x00000000d5580000)
  object space 73216K, 52% used [0x0000000080000000,0x00000000825b8530,0x0000000084780000)
 Metaspace       used 56771K, capacity 59086K, committed 59160K, reserved 1099776K
  class space    used 7748K, capacity 8219K, committed 8232K, reserved 1048576K
}
Event: 37.726 GC heap before
{Heap before GC invocations=14 (full 3):
 PSYoungGen      total 223232K, used 4794K [0x00000000d5580000, 0x00000000e4400000, 0x0000000100000000)
  eden space 203776K, 0% used [0x00000000d5580000,0x00000000d5580000,0x00000000e1c80000)
  from space 19456K, 24% used [0x00000000e1c80000,0x00000000e212e858,0x00000000e2f80000)
  to   space 13824K, 0% used [0x00000000e2f80000,0x00000000e2f80000,0x00000000e3d00000)
 ParOldGen       total 73216K, used 38625K [0x0000000080000000, 0x0000000084780000, 0x00000000d5580000)
  object space 73216K, 52% used [0x0000000080000000,0x00000000825b8530,0x0000000084780000)
 Metaspace       used 56771K, capacity 59086K, committed 59160K, reserved 1099776K
  class space    used 7748K, capacity 8219K, committed 8232K, reserved 1048576K
Event: 38.398 GC heap after
Heap after GC invocations=14 (full 3):
 PSYoungGen      total 223232K, used 0K [0x00000000d5580000, 0x00000000e4400000, 0x0000000100000000)
  eden space 203776K, 0% used [0x00000000d5580000,0x00000000d5580000,0x00000000e1c80000)
  from space 19456K, 0% used [0x00000000e1c80000,0x00000000e1c80000,0x00000000e2f80000)
  to   space 13824K, 0% used [0x00000000e2f80000,0x00000000e2f80000,0x00000000e3d00000)
 ParOldGen       total 73216K, used 41269K [0x0000000080000000, 0x0000000084780000, 0x00000000d5580000)
  object space 73216K, 56% used [0x0000000080000000,0x000000008284d598,0x0000000084780000)
 Metaspace       used 56751K, capacity 59020K, committed 59160K, reserved 1099776K
  class space    used 7742K, capacity 8208K, committed 8232K, reserved 1048576K
}
Event: 51.260 GC heap before
{Heap before GC invocations=15 (full 3):
 PSYoungGen      total 223232K, used 203776K [0x00000000d5580000, 0x00000000e4400000, 0x0000000100000000)
  eden space 203776K, 100% used [0x00000000d5580000,0x00000000e1c80000,0x00000000e1c80000)
  from space 19456K, 0% used [0x00000000e1c80000,0x00000000e1c80000,0x00000000e2f80000)
  to   space 13824K, 0% used [0x00000000e2f80000,0x00000000e2f80000,0x00000000e3d00000)
 ParOldGen       total 73216K, used 41269K [0x0000000080000000, 0x0000000084780000, 0x00000000d5580000)
  object space 73216K, 56% used [0x0000000080000000,0x000000008284d598,0x0000000084780000)
 Metaspace       used 63822K, capacity 66750K, committed 66968K, reserved 1107968K
  class space    used 8763K, capacity 9317K, committed 9384K, reserved 1048576K
Event: 51.311 GC heap after
Heap after GC invocations=15 (full 3):
 PSYoungGen      total 215552K, used 13801K [0x00000000d5580000, 0x00000000e7a80000, 0x0000000100000000)
  eden space 201728K, 0% used [0x00000000d5580000,0x00000000d5580000,0x00000000e1a80000)
  from space 13824K, 99% used [0x00000000e2f80000,0x00000000e3cfa708,0x00000000e3d00000)
  to   space 21504K, 0% used [0x00000000e1a80000,0x00000000e1a80000,0x00000000e2f80000)
 ParOldGen       total 73216K, used 44545K [0x0000000080000000, 0x0000000084780000, 0x00000000d5580000)
  object space 73216K, 60% used [0x0000000080000000,0x0000000082b80428,0x0000000084780000)
 Metaspace       used 63822K, capacity 66750K, committed 66968K, reserved 1107968K
  class space    used 8763K, capacity 9317K, committed 9384K, reserved 1048576K
}

Deoptimization events (10 events):
Event: 48.117 Thread 0x000000001ae23800 Uncommon trap: reason=unstable_if action=reinterpret pc=0x0000000003675920 method=java.util.concurrent.ConcurrentHashMap.addCount(JI)V @ 97
Event: 49.117 Thread 0x000000001ae1e000 Uncommon trap: reason=unstable_if action=reinterpret pc=0x0000000003d7b10c method=java.util.concurrent.ConcurrentHashMap.addCount(JI)V @ 97
Event: 50.031 Thread 0x000000001d3a7000 Uncommon trap: reason=bimorphic action=maybe_recompile pc=0x00000000045f76e4 method=org.gradle.internal.snapshot.SnapshotUtil.getSnapshotFromChild(Lorg/gradle/internal/snapshot/FileSystemNode;Lorg/gradle/internal/snapshot/VfsRelativePath;Lorg/gradle/inter
Event: 50.031 Thread 0x000000001d3a7000 Uncommon trap: reason=bimorphic action=maybe_recompile pc=0x00000000045f76e4 method=org.gradle.internal.snapshot.SnapshotUtil.getSnapshotFromChild(Lorg/gradle/internal/snapshot/FileSystemNode;Lorg/gradle/internal/snapshot/VfsRelativePath;Lorg/gradle/inter
Event: 51.220 Thread 0x0000000019665000 Uncommon trap: reason=bimorphic action=maybe_recompile pc=0x000000000464a8c4 method=java.util.HashMap.removeNode(ILjava/lang/Object;Ljava/lang/Object;ZZ)Ljava/util/HashMap$Node; @ 283
Event: 51.220 Thread 0x0000000019665000 Uncommon trap: reason=bimorphic action=maybe_recompile pc=0x000000000464a8c4 method=java.util.HashMap.removeNode(ILjava/lang/Object;Ljava/lang/Object;ZZ)Ljava/util/HashMap$Node; @ 283
Event: 51.597 Thread 0x000000001ae1f800 Uncommon trap: reason=null_check action=make_not_entrant pc=0x00000000046f0620 method=org.gradle.tooling.internal.provider.runner.SubtreeFilteringBuildOperationListener.started(Lorg/gradle/internal/operations/BuildOperationDescriptor;Lorg/gradle/internal/
Event: 51.597 Thread 0x000000001ae1e000 Uncommon trap: reason=null_check action=make_not_entrant pc=0x00000000046f0620 method=org.gradle.tooling.internal.provider.runner.SubtreeFilteringBuildOperationListener.started(Lorg/gradle/internal/operations/BuildOperationDescriptor;Lorg/gradle/internal/
Event: 51.597 Thread 0x000000001ae23800 Uncommon trap: reason=null_check action=make_not_entrant pc=0x00000000046f0620 method=org.gradle.tooling.internal.provider.runner.SubtreeFilteringBuildOperationListener.started(Lorg/gradle/internal/operations/BuildOperationDescriptor;Lorg/gradle/internal/
Event: 51.615 Thread 0x000000001ae1e000 Uncommon trap: reason=null_check action=make_not_entrant pc=0x00000000046f1e88 method=org.gradle.tooling.internal.provider.runner.SubtreeFilteringBuildOperationListener.finished(Lorg/gradle/internal/operations/BuildOperationDescriptor;Lorg/gradle/internal

Classes redefined (0 events):
No events

Internal exceptions (10 events):
Event: 49.999 Thread 0x000000001d3a7000 Exception <a 'java/lang/NoSuchMethodError': <clinit>> (0x00000000dfc2e858) thrown at [C:\src\AOSP-openjdk-git\hotspot\src\share\vm\prims\jni.cpp, line 1615]
Event: 50.761 Thread 0x000000001d3a7000 Exception <a 'java/lang/NoSuchMethodError': <clinit>> (0x00000000e0920fd8) thrown at [C:\src\AOSP-openjdk-git\hotspot\src\share\vm\prims\jni.cpp, line 1615]
Event: 50.761 Thread 0x000000001d3a7000 Exception <a 'java/lang/NoSuchMethodError': <clinit>> (0x00000000e0922950) thrown at [C:\src\AOSP-openjdk-git\hotspot\src\share\vm\prims\jni.cpp, line 1615]
Event: 50.761 Thread 0x000000001d3a7000 Exception <a 'java/lang/NoSuchMethodError': <clinit>> (0x00000000e0928a88) thrown at [C:\src\AOSP-openjdk-git\hotspot\src\share\vm\prims\jni.cpp, line 1615]
Event: 50.765 Thread 0x000000001d3a7000 Exception <a 'java/lang/NoSuchMethodError': <clinit>> (0x00000000e093d848) thrown at [C:\src\AOSP-openjdk-git\hotspot\src\share\vm\prims\jni.cpp, line 1615]
Event: 50.765 Thread 0x000000001d3a7000 Exception <a 'java/lang/NoSuchMethodError': <clinit>> (0x00000000e093eb68) thrown at [C:\src\AOSP-openjdk-git\hotspot\src\share\vm\prims\jni.cpp, line 1615]
Event: 51.597 Thread 0x000000001ae1f800 Implicit null exception at 0x00000000046efe44 to 0x00000000046f05f9
Event: 51.597 Thread 0x000000001ae1e000 Implicit null exception at 0x00000000046efe44 to 0x00000000046f05f9
Event: 51.597 Thread 0x000000001ae23800 Implicit null exception at 0x00000000046efe44 to 0x00000000046f05f9
Event: 51.615 Thread 0x000000001ae1e000 Implicit null exception at 0x00000000046f19a3 to 0x00000000046f1e7d

Events (10 events):
Event: 51.597 Thread 0x000000001ae1f800 DEOPT PACKING pc=0x00000000046f0620 sp=0x000000002192e5c0
Event: 51.597 Thread 0x000000001ae1e000 DEOPT PACKING pc=0x00000000046f0620 sp=0x000000002172ea90
Event: 51.597 Thread 0x000000001ae1e000 DEOPT UNPACKING pc=0x000000000313557b sp=0x000000002172ea28 mode 2
Event: 51.597 Thread 0x000000001ae23800 Uncommon trap: trap_request=0xfffffff4 fr.pc=0x00000000046f0620
Event: 51.597 Thread 0x000000001ae23800 DEOPT PACKING pc=0x00000000046f0620 sp=0x000000002182e9a0
Event: 51.597 Thread 0x000000001ae23800 DEOPT UNPACKING pc=0x000000000313557b sp=0x000000002182e938 mode 2
Event: 51.597 Thread 0x000000001ae1f800 DEOPT UNPACKING pc=0x000000000313557b sp=0x000000002192e558 mode 2
Event: 51.615 Thread 0x000000001ae1e000 Uncommon trap: trap_request=0xfffffff4 fr.pc=0x00000000046f1e88
Event: 51.615 Thread 0x000000001ae1e000 DEOPT PACKING pc=0x00000000046f1e88 sp=0x000000002172d8f0
Event: 51.615 Thread 0x000000001ae1e000 DEOPT UNPACKING pc=0x000000000313557b sp=0x000000002172d880 mode 2


Dynamic libraries:
0x00007ff734000000 - 0x00007ff734031000 	C:\Program Files\Android\Android Studio\jre\bin\java.exe
0x00007ff9db240000 - 0x00007ff9db430000 	C:\Windows\SYSTEM32\ntdll.dll
0x00007ff9d9630000 - 0x00007ff9d96e2000 	C:\Windows\System32\KERNEL32.DLL
0x00007ff9d81c0000 - 0x00007ff9d8464000 	C:\Windows\System32\KERNELBASE.dll
0x00007ff9da890000 - 0x00007ff9da933000 	C:\Windows\System32\ADVAPI32.dll
0x00007ff9d9920000 - 0x00007ff9d99be000 	C:\Windows\System32\msvcrt.dll
0x00007ff9d9750000 - 0x00007ff9d97e7000 	C:\Windows\System32\sechost.dll
0x00007ff9dadc0000 - 0x00007ff9daee0000 	C:\Windows\System32\RPCRT4.dll
0x00007ff9da940000 - 0x00007ff9daad5000 	C:\Windows\System32\USER32.dll
0x00007ff9d8990000 - 0x00007ff9d89b1000 	C:\Windows\System32\win32u.dll
0x00007ff9d9ab0000 - 0x00007ff9d9ad6000 	C:\Windows\System32\GDI32.dll
0x00007ff9d89c0000 - 0x00007ff9d8b56000 	C:\Windows\System32\gdi32full.dll
0x00007ff9d84f0000 - 0x00007ff9d858e000 	C:\Windows\System32\msvcp_win.dll
0x00007ff9d8690000 - 0x00007ff9d878a000 	C:\Windows\System32\ucrtbase.dll
0x00007ff9c5380000 - 0x00007ff9c5604000 	C:\Windows\WinSxS\amd64_microsoft.windows.common-controls_6595b64144ccf1df_6.0.18362.1016_none_9e7a36bbe461dae4\COMCTL32.dll
0x00007ff9d92f0000 - 0x00007ff9d9625000 	C:\Windows\System32\combase.dll
0x00007ff9d8590000 - 0x00007ff9d8610000 	C:\Windows\System32\bcryptPrimitives.dll
0x00007ff9da860000 - 0x00007ff9da88e000 	C:\Windows\System32\IMM32.DLL
0x00000000631a0000 - 0x0000000063272000 	C:\Program Files\Android\Android Studio\jre\jre\bin\msvcr100.dll
0x00000000625c0000 - 0x0000000062e0b000 	C:\Program Files\Android\Android Studio\jre\jre\bin\server\jvm.dll
0x00007ff9db0b0000 - 0x00007ff9db0b8000 	C:\Windows\System32\PSAPI.DLL
0x00007ff9d0950000 - 0x00007ff9d0974000 	C:\Windows\SYSTEM32\WINMM.dll
0x00007ff9d08f0000 - 0x00007ff9d08f9000 	C:\Windows\SYSTEM32\WSOCK32.dll
0x00007ff9d99c0000 - 0x00007ff9d9a2f000 	C:\Windows\System32\WS2_32.dll
0x00007ff9d0920000 - 0x00007ff9d094d000 	C:\Windows\SYSTEM32\WINMMBASE.dll
0x00007ff9d8610000 - 0x00007ff9d865a000 	C:\Windows\System32\cfgmgr32.dll
0x00007ff9d1600000 - 0x00007ff9d160a000 	C:\Windows\SYSTEM32\VERSION.dll
0x00007ff9d0690000 - 0x00007ff9d069f000 	C:\Program Files\Android\Android Studio\jre\jre\bin\verify.dll
0x00007ff9d0660000 - 0x00007ff9d0689000 	C:\Program Files\Android\Android Studio\jre\jre\bin\java.dll
0x00007ff9d0560000 - 0x00007ff9d0576000 	C:\Program Files\Android\Android Studio\jre\jre\bin\zip.dll
0x00007ff9d9ae0000 - 0x00007ff9da1c7000 	C:\Windows\System32\SHELL32.dll
0x00007ff9d97f0000 - 0x00007ff9d9899000 	C:\Windows\System32\shcore.dll
0x00007ff9d8b60000 - 0x00007ff9d92e2000 	C:\Windows\System32\windows.storage.dll
0x00007ff9d8170000 - 0x00007ff9d8193000 	C:\Windows\System32\profapi.dll
0x00007ff9d8120000 - 0x00007ff9d816a000 	C:\Windows\System32\powrprof.dll
0x00007ff9d80f0000 - 0x00007ff9d8100000 	C:\Windows\System32\UMPDC.dll
0x00007ff9d96f0000 - 0x00007ff9d9742000 	C:\Windows\System32\shlwapi.dll
0x00007ff9d81a0000 - 0x00007ff9d81b1000 	C:\Windows\System32\kernel.appcore.dll
0x00007ff9d84d0000 - 0x00007ff9d84e7000 	C:\Windows\System32\cryptsp.dll
0x00007ff9d04b0000 - 0x00007ff9d04ca000 	C:\Program Files\Android\Android Studio\jre\jre\bin\net.dll
0x00007ff9d78f0000 - 0x00007ff9d7957000 	C:\Windows\system32\mswsock.dll
0x00007ff9d0470000 - 0x00007ff9d0483000 	C:\Program Files\Android\Android Studio\jre\jre\bin\nio.dll
0x00007ff9c2000000 - 0x00007ff9c2027000 	C:\Users\iqbal\.gradle\native\f6784746aeab05261644944871eae4fe03e0ef1612fff0a4a95f87b438bc6780\windows-amd64\native-platform.dll
0x00007ff9cd110000 - 0x00007ff9cd11d000 	C:\Program Files\Android\Android Studio\jre\jre\bin\management.dll
0x00007ff9d7460000 - 0x00007ff9d7493000 	C:\Windows\system32\rsaenh.dll
0x00007ff9d8660000 - 0x00007ff9d8686000 	C:\Windows\System32\bcrypt.dll
0x00007ff9d8010000 - 0x00007ff9d8035000 	C:\Windows\SYSTEM32\USERENV.dll
0x00007ff9d7ac0000 - 0x00007ff9d7acc000 	C:\Windows\SYSTEM32\CRYPTBASE.dll
0x00007ff9d7600000 - 0x00007ff9d763a000 	C:\Windows\SYSTEM32\IPHLPAPI.DLL
0x00007ff9da850000 - 0x00007ff9da858000 	C:\Windows\System32\NSI.dll
0x00007ff9d2490000 - 0x00007ff9d24a6000 	C:\Windows\SYSTEM32\dhcpcsvc6.DLL
0x00007ff9d22a0000 - 0x00007ff9d22bc000 	C:\Windows\SYSTEM32\dhcpcsvc.DLL
0x00007ff9d7640000 - 0x00007ff9d770b000 	C:\Windows\SYSTEM32\DNSAPI.dll
0x00007ff9d3a00000 - 0x00007ff9d3a0b000 	C:\Windows\SYSTEM32\WINNSI.DLL

VM Arguments:
jvm_args: -Xmx2048m -Dfile.encoding=windows-1252 -Duser.country=ID -Duser.language=en -Duser.variant 
java_command: org.gradle.launcher.daemon.bootstrap.GradleDaemon 6.5
java_class_path (initial): C:\Users\iqbal\.gradle\wrapper\dists\gradle-6.5-bin\6nifqtx7604sqp1q6g8wikw7p\gradle-6.5\lib\gradle-launcher-6.5.jar
Launcher Type: SUN_STANDARD

Environment Variables:
PATH=C:\Program Files (x86)\Common Files\Oracle\Java\javapath;C:\Program Files\Android\Android Studio\jdk-13.0.1;C:\Windows\system32;C:\Windows;C:\Windows\System32\Wbem;C:\Windows\System32\WindowsPowerShell\v1.0\;C:\Windows\System32\OpenSSH\;C:\Program Files (x86)\Microsoft SQL Server\110\Tools\Binn\;C:\Program Files (x86)\Microsoft SQL Server\110\DTS\Binn\;C:\Program Files (x86)\Microsoft SQL Server\150\DTS\Binn\;C:\Program Files\dotnet\;C:\Program Files\Git\cmd;C:\Program Files\Microsoft SQL Server\130\Tools\Binn\;C:\Program Files\Microsoft SQL Server\Client SDK\ODBC\170\Tools\Binn\;C:\Users\iqbal\AppData\Local\Microsoft\WindowsApps;;C:\Users\iqbal\AppData\Local\Programs\Microsoft VS Code\bin
USERNAME=iqbal
OS=Windows_NT
PROCESSOR_IDENTIFIER=AMD64 Family 22 Model 48 Stepping 1, AuthenticAMD



---------------  S Y S T E M  ---------------

OS: Windows 10.0 , 64 bit Build 18362 (10.0.18362.959)

CPU:total 4 (initial active 4) (4 cores per cpu, 1 threads per core) family 22 model 48 stepping 1, cmov, cx8, fxsr, mmx, sse, sse2, sse3, ssse3, sse4.1, sse4.2, popcnt, avx, aes, clmul, mmxext, 3dnowpref, lzcnt, sse4a, tsc, tscinvbit, tscinv, bmi1

Memory: 4k page, physical 7299348k(1886372k free), swap 21870096k(4912k free)

vm_info: OpenJDK 64-Bit Server VM (25.242-b01) for windows-amd64 JRE (1.8.0_242-release-1644-b01), built by "builder" with MS VC++ 10.0 (VS2010)

time: Tue Nov 10 15:10:38 2020
timezone: SE Asia Standard Time
elapsed time: 51 seconds (0d 0h 0m 51s)

